2022-06-06 14:21:33,466 django.utils.autoreload INFO     Watching for file changes with StatReloader
2022-06-06 14:21:50,073 asyncio      DEBUG    Using selector: EpollSelector
2022-06-06 14:22:50,045 asyncio      DEBUG    Using selector: EpollSelector
2022-06-06 14:23:45,140 django.utils.autoreload INFO     /home/askelio/Desktop/ISP/my_chat/settings.py changed, reloading.
2022-06-06 14:23:45,571 django.utils.autoreload INFO     Watching for file changes with StatReloader
2022-06-06 14:23:50,070 asyncio      DEBUG    Using selector: EpollSelector
2022-06-06 14:24:50,043 asyncio      DEBUG    Using selector: EpollSelector
2022-06-06 14:25:27,414 asyncio      DEBUG    Using selector: EpollSelector
2022-06-06 14:31:21,781 django.utils.autoreload INFO     /home/askelio/Desktop/ISP/my_chat/settings.py changed, reloading.
2022-06-06 14:31:22,331 django.utils.autoreload INFO     Watching for file changes with StatReloader
2022-06-06 14:31:45,993 django.utils.autoreload INFO     /home/askelio/Desktop/ISP/my_chat/settings.py changed, reloading.
2022-06-06 14:31:46,416 django.utils.autoreload INFO     Watching for file changes with StatReloader
2022-06-06 14:31:51,773 django.utils.autoreload INFO     /home/askelio/Desktop/ISP/my_chat/settings.py changed, reloading.
2022-06-06 14:31:52,430 django.utils.autoreload INFO     Watching for file changes with StatReloader
2022-06-06 14:31:57,783 django.utils.autoreload INFO     /home/askelio/Desktop/ISP/my_chat/settings.py changed, reloading.
2022-06-06 14:31:58,465 django.utils.autoreload INFO     Watching for file changes with StatReloader
2022-06-06 14:32:00,757 django.utils.autoreload INFO     /home/askelio/Desktop/ISP/my_chat/settings.py changed, reloading.
2022-06-06 14:32:01,328 django.utils.autoreload INFO     Watching for file changes with StatReloader
2022-06-06 14:32:14,826 django.utils.autoreload INFO     /home/askelio/Desktop/ISP/my_chat/settings.py changed, reloading.
2022-06-06 14:32:15,385 django.utils.autoreload INFO     Watching for file changes with StatReloader
2022-06-06 14:32:20,097 django.utils.autoreload INFO     Watching for file changes with StatReloader
2022-06-06 14:37:48,089 django.utils.autoreload INFO     Watching for file changes with StatReloader
2022-06-06 14:39:40,049 django.utils.autoreload INFO     Watching for file changes with StatReloader
2022-06-06 14:40:50,054 django.utils.autoreload INFO     Watching for file changes with StatReloader
2022-06-06 14:42:15,655 django.utils.autoreload INFO     Watching for file changes with StatReloader
2022-06-06 14:42:24,391 asyncio      DEBUG    Using selector: EpollSelector
2022-06-06 14:42:24,438 asyncio      DEBUG    Using selector: EpollSelector
2022-06-06 14:42:32,306 asyncio      DEBUG    Using selector: EpollSelector
2022-06-06 14:42:32,316 chat.views   INFO     aaa is exit
2022-06-06 14:42:32,340 asyncio      DEBUG    Using selector: EpollSelector
2022-06-06 14:43:26,370 django.utils.autoreload INFO     Watching for file changes with StatReloader
2022-06-06 14:43:43,620 asyncio      DEBUG    Using selector: EpollSelector
2022-06-06 14:43:43,656 asyncio      DEBUG    Using selector: EpollSelector
2022-06-06 14:43:46,735 asyncio      DEBUG    Using selector: EpollSelector
2022-06-06 14:43:46,927 django.request ERROR    Internal Server Error: /chat/1/3/
Traceback (most recent call last):
  File "/usr/local/lib/python3.10/site-packages/django/db/backends/utils.py", line 89, in _execute
    return self.cursor.execute(sql, params)
psycopg2.errors.UndefinedTable: relation "chat_message" does not exist
LINE 1: ...ssage"."timestamp", "chat_message"."is_read" FROM "chat_mess...
                                                             ^


The above exception was the direct cause of the following exception:

Traceback (most recent call last):
  File "/usr/local/lib/python3.10/site-packages/django/core/handlers/exception.py", line 55, in inner
    response = get_response(request)
  File "/usr/local/lib/python3.10/site-packages/django/core/handlers/base.py", line 197, in _get_response
    response = wrapped_callback(request, *callback_args, **callback_kwargs)
  File "/usr/local/lib/python3.10/site-packages/asgiref/sync.py", line 218, in __call__
    return call_result.result()
  File "/usr/local/lib/python3.10/concurrent/futures/_base.py", line 439, in result
    return self.__get_result()
  File "/usr/local/lib/python3.10/concurrent/futures/_base.py", line 391, in __get_result
    raise self._exception
  File "/usr/local/lib/python3.10/site-packages/asgiref/sync.py", line 284, in main_wrap
    result = await self.awaitable(*args, **kwargs)
  File "/usr/local/lib/python3.10/site-packages/asgiref/sync.py", line 435, in __call__
    ret = await asyncio.wait_for(future, timeout=None)
  File "/usr/local/lib/python3.10/asyncio/tasks.py", line 408, in wait_for
    return await fut
  File "/usr/local/lib/python3.10/site-packages/asgiref/current_thread_executor.py", line 22, in run
    result = self.fn(*self.args, **self.kwargs)
  File "/usr/local/lib/python3.10/site-packages/asgiref/sync.py", line 476, in thread_handler
    return func(*args, **kwargs)
  File "/usr/local/lib/python3.10/site-packages/django/contrib/auth/decorators.py", line 23, in _wrapped_view
    return view_func(request, *args, **kwargs)
  File "/code/chat/views.py", line 92, in message_view
    return render(request, "chat/messages.html",
  File "/usr/local/lib/python3.10/site-packages/django/shortcuts.py", line 24, in render
    content = loader.render_to_string(template_name, context, request, using=using)
  File "/usr/local/lib/python3.10/site-packages/django/template/loader.py", line 62, in render_to_string
    return template.render(context, request)
  File "/usr/local/lib/python3.10/site-packages/django/template/backends/django.py", line 62, in render
    return self.template.render(context)
  File "/usr/local/lib/python3.10/site-packages/django/template/base.py", line 175, in render
    return self._render(context)
  File "/usr/local/lib/python3.10/site-packages/django/template/base.py", line 167, in _render
    return self.nodelist.render(context)
  File "/usr/local/lib/python3.10/site-packages/django/template/base.py", line 1000, in render
    return SafeString("".join([node.render_annotated(context) for node in self]))
  File "/usr/local/lib/python3.10/site-packages/django/template/base.py", line 1000, in <listcomp>
    return SafeString("".join([node.render_annotated(context) for node in self]))
  File "/usr/local/lib/python3.10/site-packages/django/template/base.py", line 958, in render_annotated
    return self.render(context)
  File "/usr/local/lib/python3.10/site-packages/django/template/loader_tags.py", line 157, in render
    return compiled_parent._render(context)
  File "/usr/local/lib/python3.10/site-packages/django/template/base.py", line 167, in _render
    return self.nodelist.render(context)
  File "/usr/local/lib/python3.10/site-packages/django/template/base.py", line 1000, in render
    return SafeString("".join([node.render_annotated(context) for node in self]))
  File "/usr/local/lib/python3.10/site-packages/django/template/base.py", line 1000, in <listcomp>
    return SafeString("".join([node.render_annotated(context) for node in self]))
  File "/usr/local/lib/python3.10/site-packages/django/template/base.py", line 958, in render_annotated
    return self.render(context)
  File "/usr/local/lib/python3.10/site-packages/django/template/loader_tags.py", line 63, in render
    result = block.nodelist.render(context)
  File "/usr/local/lib/python3.10/site-packages/django/template/base.py", line 1000, in render
    return SafeString("".join([node.render_annotated(context) for node in self]))
  File "/usr/local/lib/python3.10/site-packages/django/template/base.py", line 1000, in <listcomp>
    return SafeString("".join([node.render_annotated(context) for node in self]))
  File "/usr/local/lib/python3.10/site-packages/django/template/base.py", line 958, in render_annotated
    return self.render(context)
  File "/usr/local/lib/python3.10/site-packages/django/template/defaulttags.py", line 194, in render
    len_values = len(values)
  File "/usr/local/lib/python3.10/site-packages/django/db/models/query.py", line 302, in __len__
    self._fetch_all()
  File "/usr/local/lib/python3.10/site-packages/django/db/models/query.py", line 1507, in _fetch_all
    self._result_cache = list(self._iterable_class(self))
  File "/usr/local/lib/python3.10/site-packages/django/db/models/query.py", line 57, in __iter__
    results = compiler.execute_sql(
  File "/usr/local/lib/python3.10/site-packages/django/db/models/sql/compiler.py", line 1361, in execute_sql
    cursor.execute(sql, params)
  File "/usr/local/lib/python3.10/site-packages/django/db/backends/utils.py", line 103, in execute
    return super().execute(sql, params)
  File "/usr/local/lib/python3.10/site-packages/django/db/backends/utils.py", line 67, in execute
    return self._execute_with_wrappers(
  File "/usr/local/lib/python3.10/site-packages/django/db/backends/utils.py", line 80, in _execute_with_wrappers
    return executor(sql, params, many, context)
  File "/usr/local/lib/python3.10/site-packages/django/db/backends/utils.py", line 84, in _execute
    with self.db.wrap_database_errors:
  File "/usr/local/lib/python3.10/site-packages/django/db/utils.py", line 91, in __exit__
    raise dj_exc_value.with_traceback(traceback) from exc_value
  File "/usr/local/lib/python3.10/site-packages/django/db/backends/utils.py", line 89, in _execute
    return self.cursor.execute(sql, params)
django.db.utils.ProgrammingError: relation "chat_message" does not exist
LINE 1: ...ssage"."timestamp", "chat_message"."is_read" FROM "chat_mess...
                                                             ^

2022-06-06 14:43:51,745 asyncio      DEBUG    Using selector: EpollSelector
2022-06-06 14:43:51,768 chat.views   INFO     admin is exit
2022-06-06 14:43:51,787 asyncio      DEBUG    Using selector: EpollSelector
2022-06-06 14:43:58,419 django.request ERROR    Internal Server Error: /admin/chat/message/
Traceback (most recent call last):
  File "/usr/local/lib/python3.10/site-packages/django/db/backends/utils.py", line 89, in _execute
    return self.cursor.execute(sql, params)
psycopg2.errors.UndefinedTable: relation "chat_message" does not exist
LINE 1: SELECT COUNT(*) AS "__count" FROM "chat_message"
                                          ^


The above exception was the direct cause of the following exception:

Traceback (most recent call last):
  File "/usr/local/lib/python3.10/site-packages/django/core/handlers/exception.py", line 55, in inner
    response = get_response(request)
  File "/usr/local/lib/python3.10/site-packages/django/core/handlers/base.py", line 197, in _get_response
    response = wrapped_callback(request, *callback_args, **callback_kwargs)
  File "/usr/local/lib/python3.10/site-packages/django/contrib/admin/options.py", line 683, in wrapper
    return self.admin_site.admin_view(view)(*args, **kwargs)
  File "/usr/local/lib/python3.10/site-packages/django/utils/decorators.py", line 133, in _wrapped_view
    response = view_func(request, *args, **kwargs)
  File "/usr/local/lib/python3.10/site-packages/django/views/decorators/cache.py", line 62, in _wrapped_view_func
    response = view_func(request, *args, **kwargs)
  File "/usr/local/lib/python3.10/site-packages/django/contrib/admin/sites.py", line 242, in inner
    return view(request, *args, **kwargs)
  File "/usr/local/lib/python3.10/site-packages/django/utils/decorators.py", line 46, in _wrapper
    return bound_method(*args, **kwargs)
  File "/usr/local/lib/python3.10/site-packages/django/utils/decorators.py", line 133, in _wrapped_view
    response = view_func(request, *args, **kwargs)
  File "/usr/local/lib/python3.10/site-packages/django/contrib/admin/options.py", line 1926, in changelist_view
    cl = self.get_changelist_instance(request)
  File "/usr/local/lib/python3.10/site-packages/django/contrib/admin/options.py", line 831, in get_changelist_instance
    return ChangeList(
  File "/usr/local/lib/python3.10/site-packages/django/contrib/admin/views/main.py", line 123, in __init__
    self.get_results(request)
  File "/usr/local/lib/python3.10/site-packages/django/contrib/admin/views/main.py", line 279, in get_results
    result_count = paginator.count
  File "/usr/local/lib/python3.10/site-packages/django/utils/functional.py", line 49, in __get__
    res = instance.__dict__[self.name] = self.func(instance)
  File "/usr/local/lib/python3.10/site-packages/django/core/paginator.py", line 96, in count
    return c()
  File "/usr/local/lib/python3.10/site-packages/django/db/models/query.py", line 470, in count
    return self.query.get_count(using=self.db)
  File "/usr/local/lib/python3.10/site-packages/django/db/models/sql/query.py", line 552, in get_count
    number = obj.get_aggregation(using, ["__count"])["__count"]
  File "/usr/local/lib/python3.10/site-packages/django/db/models/sql/query.py", line 537, in get_aggregation
    result = compiler.execute_sql(SINGLE)
  File "/usr/local/lib/python3.10/site-packages/django/db/models/sql/compiler.py", line 1361, in execute_sql
    cursor.execute(sql, params)
  File "/usr/local/lib/python3.10/site-packages/django/db/backends/utils.py", line 103, in execute
    return super().execute(sql, params)
  File "/usr/local/lib/python3.10/site-packages/django/db/backends/utils.py", line 67, in execute
    return self._execute_with_wrappers(
  File "/usr/local/lib/python3.10/site-packages/django/db/backends/utils.py", line 80, in _execute_with_wrappers
    return executor(sql, params, many, context)
  File "/usr/local/lib/python3.10/site-packages/django/db/backends/utils.py", line 84, in _execute
    with self.db.wrap_database_errors:
  File "/usr/local/lib/python3.10/site-packages/django/db/utils.py", line 91, in __exit__
    raise dj_exc_value.with_traceback(traceback) from exc_value
  File "/usr/local/lib/python3.10/site-packages/django/db/backends/utils.py", line 89, in _execute
    return self.cursor.execute(sql, params)
django.db.utils.ProgrammingError: relation "chat_message" does not exist
LINE 1: SELECT COUNT(*) AS "__count" FROM "chat_message"
                                          ^

2022-06-06 14:44:31,797 django.request ERROR    Internal Server Error: /admin/auth/user/
Traceback (most recent call last):
  File "/usr/local/lib/python3.10/site-packages/django/db/backends/utils.py", line 89, in _execute
    return self.cursor.execute(sql, params)
psycopg2.errors.UndefinedTable: relation "chat_message" does not exist
LINE 1: ...user"."is_active", "auth_user"."date_joined" FROM "chat_mess...
                                                             ^


The above exception was the direct cause of the following exception:

Traceback (most recent call last):
  File "/usr/local/lib/python3.10/site-packages/django/core/handlers/exception.py", line 55, in inner
    response = get_response(request)
  File "/usr/local/lib/python3.10/site-packages/django/core/handlers/base.py", line 197, in _get_response
    response = wrapped_callback(request, *callback_args, **callback_kwargs)
  File "/usr/local/lib/python3.10/site-packages/django/contrib/admin/options.py", line 683, in wrapper
    return self.admin_site.admin_view(view)(*args, **kwargs)
  File "/usr/local/lib/python3.10/site-packages/django/utils/decorators.py", line 133, in _wrapped_view
    response = view_func(request, *args, **kwargs)
  File "/usr/local/lib/python3.10/site-packages/django/views/decorators/cache.py", line 62, in _wrapped_view_func
    response = view_func(request, *args, **kwargs)
  File "/usr/local/lib/python3.10/site-packages/django/contrib/admin/sites.py", line 242, in inner
    return view(request, *args, **kwargs)
  File "/usr/local/lib/python3.10/site-packages/django/utils/decorators.py", line 46, in _wrapper
    return bound_method(*args, **kwargs)
  File "/usr/local/lib/python3.10/site-packages/django/utils/decorators.py", line 133, in _wrapped_view
    response = view_func(request, *args, **kwargs)
  File "/usr/local/lib/python3.10/site-packages/django/contrib/admin/options.py", line 1959, in changelist_view
    response = self.response_action(
  File "/usr/local/lib/python3.10/site-packages/django/contrib/admin/options.py", line 1588, in response_action
    response = func(self, request, queryset)
  File "/usr/local/lib/python3.10/site-packages/django/contrib/admin/actions.py", line 39, in delete_selected
    ) = modeladmin.get_deleted_objects(queryset, request)
  File "/usr/local/lib/python3.10/site-packages/django/contrib/admin/options.py", line 2099, in get_deleted_objects
    return get_deleted_objects(objs, request, self.admin_site)
  File "/usr/local/lib/python3.10/site-packages/django/contrib/admin/utils.py", line 120, in get_deleted_objects
    collector.collect(objs)
  File "/usr/local/lib/python3.10/site-packages/django/contrib/admin/utils.py", line 186, in collect
    return super().collect(objs, source_attr=source_attr, **kwargs)
  File "/usr/local/lib/python3.10/site-packages/django/db/models/deletion.py", line 341, in collect
    if sub_objs:
  File "/usr/local/lib/python3.10/site-packages/django/db/models/query.py", line 324, in __bool__
    self._fetch_all()
  File "/usr/local/lib/python3.10/site-packages/django/db/models/query.py", line 1507, in _fetch_all
    self._result_cache = list(self._iterable_class(self))
  File "/usr/local/lib/python3.10/site-packages/django/db/models/query.py", line 57, in __iter__
    results = compiler.execute_sql(
  File "/usr/local/lib/python3.10/site-packages/django/db/models/sql/compiler.py", line 1361, in execute_sql
    cursor.execute(sql, params)
  File "/usr/local/lib/python3.10/site-packages/django/db/backends/utils.py", line 103, in execute
    return super().execute(sql, params)
  File "/usr/local/lib/python3.10/site-packages/django/db/backends/utils.py", line 67, in execute
    return self._execute_with_wrappers(
  File "/usr/local/lib/python3.10/site-packages/django/db/backends/utils.py", line 80, in _execute_with_wrappers
    return executor(sql, params, many, context)
  File "/usr/local/lib/python3.10/site-packages/django/db/backends/utils.py", line 84, in _execute
    with self.db.wrap_database_errors:
  File "/usr/local/lib/python3.10/site-packages/django/db/utils.py", line 91, in __exit__
    raise dj_exc_value.with_traceback(traceback) from exc_value
  File "/usr/local/lib/python3.10/site-packages/django/db/backends/utils.py", line 89, in _execute
    return self.cursor.execute(sql, params)
django.db.utils.ProgrammingError: relation "chat_message" does not exist
LINE 1: ...user"."is_active", "auth_user"."date_joined" FROM "chat_mess...
                                                             ^

2022-06-06 14:50:20,086 django.utils.autoreload INFO     Watching for file changes with StatReloader
2022-06-06 14:51:05,789 asyncio      DEBUG    Using selector: EpollSelector
2022-06-06 14:51:05,919 django.request ERROR    Internal Server Error: /
Traceback (most recent call last):
  File "/usr/local/lib/python3.10/site-packages/django/contrib/sessions/backends/base.py", line 187, in _get_session
    return self._session_cache
AttributeError: 'SessionStore' object has no attribute '_session_cache'

During handling of the above exception, another exception occurred:

Traceback (most recent call last):
  File "/usr/local/lib/python3.10/site-packages/django/db/backends/utils.py", line 89, in _execute
    return self.cursor.execute(sql, params)
psycopg2.errors.UndefinedTable: relation "django_session" does not exist
LINE 1: ...ession_data", "django_session"."expire_date" FROM "django_se...
                                                             ^


The above exception was the direct cause of the following exception:

Traceback (most recent call last):
  File "/usr/local/lib/python3.10/site-packages/django/core/handlers/exception.py", line 55, in inner
    response = get_response(request)
  File "/usr/local/lib/python3.10/site-packages/django/core/handlers/base.py", line 197, in _get_response
    response = wrapped_callback(request, *callback_args, **callback_kwargs)
  File "/usr/local/lib/python3.10/site-packages/asgiref/sync.py", line 218, in __call__
    return call_result.result()
  File "/usr/local/lib/python3.10/concurrent/futures/_base.py", line 439, in result
    return self.__get_result()
  File "/usr/local/lib/python3.10/concurrent/futures/_base.py", line 391, in __get_result
    raise self._exception
  File "/usr/local/lib/python3.10/site-packages/asgiref/sync.py", line 284, in main_wrap
    result = await self.awaitable(*args, **kwargs)
  File "/usr/local/lib/python3.10/site-packages/asgiref/sync.py", line 435, in __call__
    ret = await asyncio.wait_for(future, timeout=None)
  File "/usr/local/lib/python3.10/asyncio/tasks.py", line 408, in wait_for
    return await fut
  File "/usr/local/lib/python3.10/site-packages/asgiref/current_thread_executor.py", line 22, in run
    result = self.fn(*self.args, **self.kwargs)
  File "/usr/local/lib/python3.10/site-packages/asgiref/sync.py", line 476, in thread_handler
    return func(*args, **kwargs)
  File "/code/accounts/views.py", line 41, in login_view
    if request.user.is_authenticated:
  File "/usr/local/lib/python3.10/site-packages/django/utils/functional.py", line 258, in inner
    self._setup()
  File "/usr/local/lib/python3.10/site-packages/django/utils/functional.py", line 398, in _setup
    self._wrapped = self._setupfunc()
  File "/usr/local/lib/python3.10/site-packages/django/contrib/auth/middleware.py", line 25, in <lambda>
    request.user = SimpleLazyObject(lambda: get_user(request))
  File "/usr/local/lib/python3.10/site-packages/django/contrib/auth/middleware.py", line 11, in get_user
    request._cached_user = auth.get_user(request)
  File "/usr/local/lib/python3.10/site-packages/django/contrib/auth/__init__.py", line 191, in get_user
    user_id = _get_user_session_key(request)
  File "/usr/local/lib/python3.10/site-packages/django/contrib/auth/__init__.py", line 60, in _get_user_session_key
    return get_user_model()._meta.pk.to_python(request.session[SESSION_KEY])
  File "/usr/local/lib/python3.10/site-packages/django/contrib/sessions/backends/base.py", line 53, in __getitem__
    return self._session[key]
  File "/usr/local/lib/python3.10/site-packages/django/contrib/sessions/backends/base.py", line 192, in _get_session
    self._session_cache = self.load()
  File "/usr/local/lib/python3.10/site-packages/django/contrib/sessions/backends/db.py", line 42, in load
    s = self._get_session_from_db()
  File "/usr/local/lib/python3.10/site-packages/django/contrib/sessions/backends/db.py", line 32, in _get_session_from_db
    return self.model.objects.get(
  File "/usr/local/lib/python3.10/site-packages/django/db/models/manager.py", line 85, in manager_method
    return getattr(self.get_queryset(), name)(*args, **kwargs)
  File "/usr/local/lib/python3.10/site-packages/django/db/models/query.py", line 492, in get
    num = len(clone)
  File "/usr/local/lib/python3.10/site-packages/django/db/models/query.py", line 302, in __len__
    self._fetch_all()
  File "/usr/local/lib/python3.10/site-packages/django/db/models/query.py", line 1507, in _fetch_all
    self._result_cache = list(self._iterable_class(self))
  File "/usr/local/lib/python3.10/site-packages/django/db/models/query.py", line 57, in __iter__
    results = compiler.execute_sql(
  File "/usr/local/lib/python3.10/site-packages/django/db/models/sql/compiler.py", line 1361, in execute_sql
    cursor.execute(sql, params)
  File "/usr/local/lib/python3.10/site-packages/django/db/backends/utils.py", line 103, in execute
    return super().execute(sql, params)
  File "/usr/local/lib/python3.10/site-packages/django/db/backends/utils.py", line 67, in execute
    return self._execute_with_wrappers(
  File "/usr/local/lib/python3.10/site-packages/django/db/backends/utils.py", line 80, in _execute_with_wrappers
    return executor(sql, params, many, context)
  File "/usr/local/lib/python3.10/site-packages/django/db/backends/utils.py", line 84, in _execute
    with self.db.wrap_database_errors:
  File "/usr/local/lib/python3.10/site-packages/django/db/utils.py", line 91, in __exit__
    raise dj_exc_value.with_traceback(traceback) from exc_value
  File "/usr/local/lib/python3.10/site-packages/django/db/backends/utils.py", line 89, in _execute
    return self.cursor.execute(sql, params)
django.db.utils.ProgrammingError: relation "django_session" does not exist
LINE 1: ...ession_data", "django_session"."expire_date" FROM "django_se...
                                                             ^

2022-06-06 14:59:25,733 django.utils.autoreload INFO     Watching for file changes with StatReloader
2022-06-06 15:02:44,128 django.utils.autoreload INFO     /code/chat/migrations/0002_remove_friend_request_receiver_and_more.py changed, reloading.
2022-06-06 15:02:45,467 django.utils.autoreload INFO     Watching for file changes with StatReloader
2022-06-06 15:02:59,042 django.utils.autoreload INFO     /code/chat/migrations/0002_remove_friend_request_receiver_and_more.py changed, reloading.
2022-06-06 15:03:00,489 django.utils.autoreload INFO     Watching for file changes with StatReloader
2022-06-06 15:03:28,465 django.security.DisallowedHost ERROR    Invalid HTTP_HOST header: '0.0.0.0:8000'. You may need to add '0.0.0.0' to ALLOWED_HOSTS.
2022-06-06 15:03:28,520 django.request WARNING  Bad Request: /
2022-06-06 15:03:28,854 django.security.DisallowedHost ERROR    Invalid HTTP_HOST header: '0.0.0.0:8000'. You may need to add '0.0.0.0' to ALLOWED_HOSTS.
2022-06-06 15:03:28,887 django.request WARNING  Bad Request: /favicon.ico
2022-06-06 15:04:09,246 django.utils.autoreload INFO     /code/my_chat/settings.py changed, reloading.
2022-06-06 15:04:10,729 django.utils.autoreload INFO     Watching for file changes with StatReloader
2022-06-06 15:04:12,053 django.utils.autoreload INFO     /code/my_chat/settings.py changed, reloading.
2022-06-06 15:04:13,359 django.utils.autoreload INFO     Watching for file changes with StatReloader
2022-06-06 15:04:14,670 django.utils.autoreload INFO     /code/my_chat/settings.py changed, reloading.
2022-06-06 15:04:15,753 django.utils.autoreload INFO     Watching for file changes with StatReloader
2022-06-06 15:04:18,100 django.utils.autoreload INFO     /code/my_chat/settings.py changed, reloading.
2022-06-06 15:04:19,362 django.utils.autoreload INFO     Watching for file changes with StatReloader
2022-06-06 15:04:20,683 django.utils.autoreload INFO     /code/my_chat/settings.py changed, reloading.
2022-06-06 15:04:21,778 django.utils.autoreload INFO     Watching for file changes with StatReloader
2022-06-06 15:04:24,265 asyncio      DEBUG    Using selector: EpollSelector
2022-06-06 15:04:26,041 django.request WARNING  Not Found: /favicon.ico
2022-06-06 15:04:32,404 asyncio      DEBUG    Using selector: EpollSelector
2022-06-06 15:06:44,022 django.utils.autoreload INFO     Watching for file changes with StatReloader
2022-06-06 15:07:05,844 asyncio      DEBUG    Using selector: EpollSelector
2022-06-06 15:07:10,080 asyncio      DEBUG    Using selector: EpollSelector
2022-06-06 15:07:21,278 asyncio      DEBUG    Using selector: EpollSelector
2022-06-06 15:07:21,494 accounts.views INFO     Account was created for aaa
2022-06-06 15:07:21,508 asyncio      DEBUG    Using selector: EpollSelector
2022-06-06 15:07:29,957 asyncio      DEBUG    Using selector: EpollSelector
2022-06-06 15:07:45,404 asyncio      DEBUG    Using selector: EpollSelector
2022-06-06 15:07:45,608 accounts.views INFO     Account was created for bbb@gmail.com
2022-06-06 15:07:45,625 asyncio      DEBUG    Using selector: EpollSelector
2022-06-06 15:07:55,871 asyncio      DEBUG    Using selector: EpollSelector
2022-06-06 15:08:03,061 asyncio      DEBUG    Using selector: EpollSelector
2022-06-06 15:08:03,284 accounts.views INFO     aaa is authenticated
2022-06-06 15:08:03,302 asyncio      DEBUG    Using selector: EpollSelector
2022-06-06 15:08:09,989 asyncio      DEBUG    Using selector: EpollSelector
2022-06-06 15:08:15,863 asyncio      DEBUG    Using selector: EpollSelector
2022-06-06 15:08:27,007 asyncio      DEBUG    Using selector: EpollSelector
2022-06-06 15:08:27,220 accounts.views INFO     bbb@gmail.com is authenticated
2022-06-06 15:08:27,243 asyncio      DEBUG    Using selector: EpollSelector
2022-06-06 15:08:43,595 asyncio      DEBUG    Using selector: EpollSelector
2022-06-06 15:08:45,024 asyncio      DEBUG    Using selector: EpollSelector
2022-06-06 15:08:46,021 asyncio      DEBUG    Using selector: EpollSelector
2022-06-06 15:08:47,018 asyncio      DEBUG    Using selector: EpollSelector
2022-06-06 15:08:48,020 asyncio      DEBUG    Using selector: EpollSelector
2022-06-06 15:08:48,359 asyncio      DEBUG    Using selector: EpollSelector
2022-06-06 15:08:49,020 asyncio      DEBUG    Using selector: EpollSelector
2022-06-06 15:08:50,020 asyncio      DEBUG    Using selector: EpollSelector
2022-06-06 15:08:51,027 asyncio      DEBUG    Using selector: EpollSelector
2022-06-06 15:08:51,035 asyncio      DEBUG    Using selector: EpollSelector
2022-06-06 15:08:52,019 asyncio      DEBUG    Using selector: EpollSelector
2022-06-06 15:08:52,231 asyncio      DEBUG    Using selector: EpollSelector
2022-06-06 15:08:53,024 asyncio      DEBUG    Using selector: EpollSelector
2022-06-06 15:08:53,224 asyncio      DEBUG    Using selector: EpollSelector
2022-06-06 15:08:53,834 asyncio      DEBUG    Using selector: EpollSelector
2022-06-06 15:08:54,014 asyncio      DEBUG    Using selector: EpollSelector
2022-06-06 15:08:54,910 asyncio      DEBUG    Using selector: EpollSelector
2022-06-06 15:08:55,014 asyncio      DEBUG    Using selector: EpollSelector
2022-06-06 15:08:55,912 asyncio      DEBUG    Using selector: EpollSelector
2022-06-06 15:08:56,017 asyncio      DEBUG    Using selector: EpollSelector
2022-06-06 15:08:56,913 asyncio      DEBUG    Using selector: EpollSelector
2022-06-06 15:08:57,013 asyncio      DEBUG    Using selector: EpollSelector
2022-06-06 15:08:57,912 asyncio      DEBUG    Using selector: EpollSelector
2022-06-06 15:08:58,025 asyncio      DEBUG    Using selector: EpollSelector
2022-06-06 15:08:58,916 asyncio      DEBUG    Using selector: EpollSelector
2022-06-06 15:08:59,012 asyncio      DEBUG    Using selector: EpollSelector
2022-06-06 15:08:59,454 asyncio      DEBUG    Using selector: EpollSelector
2022-06-06 15:08:59,909 asyncio      DEBUG    Using selector: EpollSelector
2022-06-06 15:09:00,026 asyncio      DEBUG    Using selector: EpollSelector
2022-06-06 15:09:00,913 asyncio      DEBUG    Using selector: EpollSelector
2022-06-06 15:09:01,017 asyncio      DEBUG    Using selector: EpollSelector
2022-06-06 15:09:01,912 asyncio      DEBUG    Using selector: EpollSelector
2022-06-06 15:09:02,020 asyncio      DEBUG    Using selector: EpollSelector
2022-06-06 15:09:02,911 asyncio      DEBUG    Using selector: EpollSelector
2022-06-06 15:09:03,017 asyncio      DEBUG    Using selector: EpollSelector
2022-06-06 15:09:03,913 asyncio      DEBUG    Using selector: EpollSelector
2022-06-06 15:09:04,016 asyncio      DEBUG    Using selector: EpollSelector
2022-06-06 15:09:04,911 asyncio      DEBUG    Using selector: EpollSelector
2022-06-06 15:09:05,020 asyncio      DEBUG    Using selector: EpollSelector
2022-06-06 15:09:05,912 asyncio      DEBUG    Using selector: EpollSelector
2022-06-06 15:09:06,022 asyncio      DEBUG    Using selector: EpollSelector
2022-06-06 15:09:06,911 asyncio      DEBUG    Using selector: EpollSelector
2022-06-06 15:09:07,018 asyncio      DEBUG    Using selector: EpollSelector
2022-06-06 15:09:07,912 asyncio      DEBUG    Using selector: EpollSelector
2022-06-06 15:09:08,031 asyncio      DEBUG    Using selector: EpollSelector
2022-06-06 15:09:08,911 asyncio      DEBUG    Using selector: EpollSelector
2022-06-06 15:09:09,018 asyncio      DEBUG    Using selector: EpollSelector
2022-06-06 15:09:09,055 asyncio      DEBUG    Using selector: EpollSelector
2022-06-06 15:09:09,912 asyncio      DEBUG    Using selector: EpollSelector
2022-06-06 15:09:10,018 asyncio      DEBUG    Using selector: EpollSelector
2022-06-06 15:09:10,911 asyncio      DEBUG    Using selector: EpollSelector
2022-06-06 15:09:11,019 asyncio      DEBUG    Using selector: EpollSelector
2022-06-06 15:09:11,912 asyncio      DEBUG    Using selector: EpollSelector
2022-06-06 15:09:12,020 asyncio      DEBUG    Using selector: EpollSelector
2022-06-06 15:09:12,911 asyncio      DEBUG    Using selector: EpollSelector
2022-06-06 15:09:13,020 asyncio      DEBUG    Using selector: EpollSelector
2022-06-06 15:09:13,912 asyncio      DEBUG    Using selector: EpollSelector
2022-06-06 15:09:14,018 asyncio      DEBUG    Using selector: EpollSelector
2022-06-06 15:09:14,910 asyncio      DEBUG    Using selector: EpollSelector
2022-06-06 15:09:15,017 asyncio      DEBUG    Using selector: EpollSelector
2022-06-06 15:09:15,911 asyncio      DEBUG    Using selector: EpollSelector
2022-06-06 15:09:16,017 asyncio      DEBUG    Using selector: EpollSelector
2022-06-06 15:09:16,235 asyncio      DEBUG    Using selector: EpollSelector
2022-06-06 15:09:16,255 chat.views   INFO     bbb@gmail.com is exit
2022-06-06 15:09:16,290 asyncio      DEBUG    Using selector: EpollSelector
2022-06-06 15:09:16,911 asyncio      DEBUG    Using selector: EpollSelector
2022-06-06 15:09:17,911 asyncio      DEBUG    Using selector: EpollSelector
2022-06-06 15:09:18,911 asyncio      DEBUG    Using selector: EpollSelector
2022-06-06 15:09:19,911 asyncio      DEBUG    Using selector: EpollSelector
2022-06-06 15:09:20,911 asyncio      DEBUG    Using selector: EpollSelector
2022-06-06 15:09:21,911 asyncio      DEBUG    Using selector: EpollSelector
2022-06-06 15:09:22,911 asyncio      DEBUG    Using selector: EpollSelector
2022-06-06 15:09:23,912 asyncio      DEBUG    Using selector: EpollSelector
2022-06-06 15:09:24,912 asyncio      DEBUG    Using selector: EpollSelector
2022-06-06 15:09:25,911 asyncio      DEBUG    Using selector: EpollSelector
2022-06-06 15:09:26,911 asyncio      DEBUG    Using selector: EpollSelector
2022-06-06 15:09:27,916 asyncio      DEBUG    Using selector: EpollSelector
2022-06-06 15:09:28,911 asyncio      DEBUG    Using selector: EpollSelector
2022-06-06 15:09:29,911 asyncio      DEBUG    Using selector: EpollSelector
2022-06-06 15:09:30,912 asyncio      DEBUG    Using selector: EpollSelector
2022-06-06 15:09:31,911 asyncio      DEBUG    Using selector: EpollSelector
2022-06-06 15:09:32,911 asyncio      DEBUG    Using selector: EpollSelector
2022-06-06 15:09:33,910 asyncio      DEBUG    Using selector: EpollSelector
2022-06-06 15:09:34,911 asyncio      DEBUG    Using selector: EpollSelector
2022-06-06 15:09:35,912 asyncio      DEBUG    Using selector: EpollSelector
2022-06-06 15:09:36,911 asyncio      DEBUG    Using selector: EpollSelector
2022-06-06 15:09:37,912 asyncio      DEBUG    Using selector: EpollSelector
2022-06-06 15:09:38,912 asyncio      DEBUG    Using selector: EpollSelector
2022-06-06 15:09:39,912 asyncio      DEBUG    Using selector: EpollSelector
2022-06-06 15:09:40,911 asyncio      DEBUG    Using selector: EpollSelector
2022-06-06 15:09:41,910 asyncio      DEBUG    Using selector: EpollSelector
2022-06-06 15:09:42,912 asyncio      DEBUG    Using selector: EpollSelector
2022-06-06 15:09:43,911 asyncio      DEBUG    Using selector: EpollSelector
2022-06-06 15:09:44,912 asyncio      DEBUG    Using selector: EpollSelector
2022-06-06 15:09:45,912 asyncio      DEBUG    Using selector: EpollSelector
2022-06-06 15:09:46,912 asyncio      DEBUG    Using selector: EpollSelector
2022-06-06 15:09:47,911 asyncio      DEBUG    Using selector: EpollSelector
2022-06-06 15:09:48,911 asyncio      DEBUG    Using selector: EpollSelector
2022-06-06 15:09:49,911 asyncio      DEBUG    Using selector: EpollSelector
2022-06-06 15:09:50,911 asyncio      DEBUG    Using selector: EpollSelector
2022-06-06 15:09:51,912 asyncio      DEBUG    Using selector: EpollSelector
2022-06-06 15:09:52,912 asyncio      DEBUG    Using selector: EpollSelector
2022-06-06 15:09:53,911 asyncio      DEBUG    Using selector: EpollSelector
2022-06-06 15:09:54,912 asyncio      DEBUG    Using selector: EpollSelector
2022-06-06 15:09:55,911 asyncio      DEBUG    Using selector: EpollSelector
2022-06-06 15:09:56,911 asyncio      DEBUG    Using selector: EpollSelector
2022-06-06 15:09:57,910 asyncio      DEBUG    Using selector: EpollSelector
2022-06-06 15:09:58,912 asyncio      DEBUG    Using selector: EpollSelector
2022-06-06 15:09:59,912 asyncio      DEBUG    Using selector: EpollSelector
2022-06-06 15:10:00,911 asyncio      DEBUG    Using selector: EpollSelector
2022-06-06 15:10:01,911 asyncio      DEBUG    Using selector: EpollSelector
2022-06-06 15:10:02,912 asyncio      DEBUG    Using selector: EpollSelector
2022-06-06 15:10:03,911 asyncio      DEBUG    Using selector: EpollSelector
2022-06-06 15:10:04,911 asyncio      DEBUG    Using selector: EpollSelector
2022-06-06 15:10:05,912 asyncio      DEBUG    Using selector: EpollSelector
2022-06-06 15:10:06,911 asyncio      DEBUG    Using selector: EpollSelector
2022-06-06 15:10:07,912 asyncio      DEBUG    Using selector: EpollSelector
2022-06-06 15:10:08,913 asyncio      DEBUG    Using selector: EpollSelector
2022-06-06 15:10:09,912 asyncio      DEBUG    Using selector: EpollSelector
2022-06-06 15:10:10,911 asyncio      DEBUG    Using selector: EpollSelector
2022-06-06 15:10:11,910 asyncio      DEBUG    Using selector: EpollSelector
2022-06-06 15:10:12,911 asyncio      DEBUG    Using selector: EpollSelector
2022-06-06 15:10:13,914 asyncio      DEBUG    Using selector: EpollSelector
2022-06-06 15:10:14,912 asyncio      DEBUG    Using selector: EpollSelector
2022-06-06 15:10:15,911 asyncio      DEBUG    Using selector: EpollSelector
2022-06-06 15:10:16,912 asyncio      DEBUG    Using selector: EpollSelector
2022-06-06 15:10:17,912 asyncio      DEBUG    Using selector: EpollSelector
2022-06-06 15:10:18,911 asyncio      DEBUG    Using selector: EpollSelector
2022-06-06 15:10:19,912 asyncio      DEBUG    Using selector: EpollSelector
2022-06-06 15:10:20,911 asyncio      DEBUG    Using selector: EpollSelector
2022-06-06 15:10:21,910 asyncio      DEBUG    Using selector: EpollSelector
2022-06-06 15:10:22,911 asyncio      DEBUG    Using selector: EpollSelector
2022-06-06 15:10:23,911 asyncio      DEBUG    Using selector: EpollSelector
2022-06-06 15:10:24,910 asyncio      DEBUG    Using selector: EpollSelector
2022-06-06 15:10:25,909 asyncio      DEBUG    Using selector: EpollSelector
2022-06-06 15:10:26,909 asyncio      DEBUG    Using selector: EpollSelector
2022-06-06 15:10:27,909 asyncio      DEBUG    Using selector: EpollSelector
2022-06-06 15:10:28,911 asyncio      DEBUG    Using selector: EpollSelector
2022-06-06 15:10:29,912 asyncio      DEBUG    Using selector: EpollSelector
2022-06-06 15:10:30,912 asyncio      DEBUG    Using selector: EpollSelector
2022-06-06 15:10:31,911 asyncio      DEBUG    Using selector: EpollSelector
2022-06-06 15:10:32,912 asyncio      DEBUG    Using selector: EpollSelector
2022-06-06 15:10:33,913 asyncio      DEBUG    Using selector: EpollSelector
2022-06-06 15:10:34,911 asyncio      DEBUG    Using selector: EpollSelector
2022-06-06 15:10:35,910 asyncio      DEBUG    Using selector: EpollSelector
2022-06-06 15:10:36,911 asyncio      DEBUG    Using selector: EpollSelector
2022-06-06 15:10:37,913 asyncio      DEBUG    Using selector: EpollSelector
2022-06-06 15:11:22,733 django.utils.autoreload INFO     Watching for file changes with StatReloader
2022-06-06 15:11:23,917 asyncio      DEBUG    Using selector: EpollSelector
2022-06-06 15:11:24,910 asyncio      DEBUG    Using selector: EpollSelector
2022-06-06 15:11:25,910 asyncio      DEBUG    Using selector: EpollSelector
2022-06-06 15:11:26,912 asyncio      DEBUG    Using selector: EpollSelector
2022-06-06 15:11:27,912 asyncio      DEBUG    Using selector: EpollSelector
2022-06-06 15:11:28,910 asyncio      DEBUG    Using selector: EpollSelector
2022-06-06 15:11:29,911 asyncio      DEBUG    Using selector: EpollSelector
2022-06-06 15:11:30,912 asyncio      DEBUG    Using selector: EpollSelector
2022-06-06 15:11:31,910 asyncio      DEBUG    Using selector: EpollSelector
2022-06-06 15:13:03,025 django.utils.autoreload INFO     Watching for file changes with StatReloader
2022-06-06 15:13:03,916 asyncio      DEBUG    Using selector: EpollSelector
2022-06-06 15:13:04,909 asyncio      DEBUG    Using selector: EpollSelector
2022-06-06 15:13:05,910 asyncio      DEBUG    Using selector: EpollSelector
2022-06-06 15:13:06,910 asyncio      DEBUG    Using selector: EpollSelector
2022-06-06 15:13:07,911 asyncio      DEBUG    Using selector: EpollSelector
2022-06-06 15:13:08,912 asyncio      DEBUG    Using selector: EpollSelector
2022-06-06 15:13:09,911 asyncio      DEBUG    Using selector: EpollSelector
2022-06-06 15:13:10,912 asyncio      DEBUG    Using selector: EpollSelector
2022-06-06 15:13:11,910 asyncio      DEBUG    Using selector: EpollSelector
2022-06-06 15:13:12,911 asyncio      DEBUG    Using selector: EpollSelector
2022-06-06 15:13:13,908 asyncio      DEBUG    Using selector: EpollSelector
2022-06-06 15:13:14,908 asyncio      DEBUG    Using selector: EpollSelector
2022-06-06 15:13:15,911 asyncio      DEBUG    Using selector: EpollSelector
2022-06-06 15:13:16,909 asyncio      DEBUG    Using selector: EpollSelector
2022-06-06 15:13:17,912 asyncio      DEBUG    Using selector: EpollSelector
2022-06-06 15:13:18,911 asyncio      DEBUG    Using selector: EpollSelector
2022-06-06 15:13:19,910 asyncio      DEBUG    Using selector: EpollSelector
2022-06-06 15:13:20,910 asyncio      DEBUG    Using selector: EpollSelector
2022-06-06 15:13:21,913 asyncio      DEBUG    Using selector: EpollSelector
2022-06-06 15:13:22,910 asyncio      DEBUG    Using selector: EpollSelector
2022-06-06 15:13:23,912 asyncio      DEBUG    Using selector: EpollSelector
2022-06-06 15:13:24,910 asyncio      DEBUG    Using selector: EpollSelector
2022-06-06 15:13:25,912 asyncio      DEBUG    Using selector: EpollSelector
2022-06-06 15:13:26,909 asyncio      DEBUG    Using selector: EpollSelector
2022-06-06 15:13:27,909 asyncio      DEBUG    Using selector: EpollSelector
2022-06-06 15:13:28,910 asyncio      DEBUG    Using selector: EpollSelector
2022-06-06 15:13:29,911 asyncio      DEBUG    Using selector: EpollSelector
2022-06-06 15:13:30,912 asyncio      DEBUG    Using selector: EpollSelector
2022-06-06 15:13:31,908 asyncio      DEBUG    Using selector: EpollSelector
2022-06-06 15:14:04,889 django.utils.autoreload INFO     Watching for file changes with StatReloader
2022-06-06 15:14:05,914 asyncio      DEBUG    Using selector: EpollSelector
2022-06-06 15:14:06,909 asyncio      DEBUG    Using selector: EpollSelector
2022-06-06 15:14:07,912 asyncio      DEBUG    Using selector: EpollSelector
2022-06-06 15:14:08,910 asyncio      DEBUG    Using selector: EpollSelector
2022-06-06 15:14:09,909 asyncio      DEBUG    Using selector: EpollSelector
2022-06-06 15:14:10,911 asyncio      DEBUG    Using selector: EpollSelector
2022-06-06 15:14:11,911 asyncio      DEBUG    Using selector: EpollSelector
2022-06-06 15:14:12,910 asyncio      DEBUG    Using selector: EpollSelector
2022-06-06 15:14:13,913 asyncio      DEBUG    Using selector: EpollSelector
2022-06-06 15:14:14,912 asyncio      DEBUG    Using selector: EpollSelector
2022-06-06 15:14:15,911 asyncio      DEBUG    Using selector: EpollSelector
2022-06-06 15:14:16,911 asyncio      DEBUG    Using selector: EpollSelector
2022-06-06 15:14:17,911 asyncio      DEBUG    Using selector: EpollSelector
2022-06-06 15:14:18,912 asyncio      DEBUG    Using selector: EpollSelector
2022-06-06 15:14:19,910 asyncio      DEBUG    Using selector: EpollSelector
2022-06-06 15:14:20,911 asyncio      DEBUG    Using selector: EpollSelector
2022-06-06 15:14:21,911 asyncio      DEBUG    Using selector: EpollSelector
2022-06-06 15:14:22,913 asyncio      DEBUG    Using selector: EpollSelector
2022-06-06 15:14:23,911 asyncio      DEBUG    Using selector: EpollSelector
2022-06-06 15:14:24,912 asyncio      DEBUG    Using selector: EpollSelector
2022-06-06 15:14:25,910 asyncio      DEBUG    Using selector: EpollSelector
2022-06-06 15:14:26,912 asyncio      DEBUG    Using selector: EpollSelector
2022-06-06 15:14:27,911 asyncio      DEBUG    Using selector: EpollSelector
2022-06-06 15:14:28,910 asyncio      DEBUG    Using selector: EpollSelector
2022-06-06 15:14:29,912 asyncio      DEBUG    Using selector: EpollSelector
2022-06-06 15:14:30,909 asyncio      DEBUG    Using selector: EpollSelector
2022-06-06 15:17:44,438 django.utils.autoreload INFO     Watching for file changes with StatReloader
2022-06-06 15:17:44,913 asyncio      DEBUG    Using selector: EpollSelector
2022-06-06 15:17:45,909 asyncio      DEBUG    Using selector: EpollSelector
2022-06-06 15:17:46,912 asyncio      DEBUG    Using selector: EpollSelector
2022-06-06 15:17:47,911 asyncio      DEBUG    Using selector: EpollSelector
2022-06-06 15:17:48,910 asyncio      DEBUG    Using selector: EpollSelector
2022-06-06 15:17:49,908 asyncio      DEBUG    Using selector: EpollSelector
2022-06-06 15:17:50,912 asyncio      DEBUG    Using selector: EpollSelector
2022-06-06 15:17:51,913 asyncio      DEBUG    Using selector: EpollSelector
2022-06-06 15:17:52,911 asyncio      DEBUG    Using selector: EpollSelector
2022-06-06 15:17:53,910 asyncio      DEBUG    Using selector: EpollSelector
2022-06-06 15:17:54,910 asyncio      DEBUG    Using selector: EpollSelector
2022-06-06 15:17:55,912 asyncio      DEBUG    Using selector: EpollSelector
2022-06-06 15:17:56,911 asyncio      DEBUG    Using selector: EpollSelector
2022-06-06 15:17:57,910 asyncio      DEBUG    Using selector: EpollSelector
2022-06-06 15:17:58,911 asyncio      DEBUG    Using selector: EpollSelector
2022-06-06 15:17:59,911 asyncio      DEBUG    Using selector: EpollSelector
2022-06-06 15:18:00,910 asyncio      DEBUG    Using selector: EpollSelector
2022-06-06 15:18:01,911 asyncio      DEBUG    Using selector: EpollSelector
2022-06-06 15:18:02,910 asyncio      DEBUG    Using selector: EpollSelector
2022-06-06 15:18:03,911 asyncio      DEBUG    Using selector: EpollSelector
2022-06-06 15:18:04,912 asyncio      DEBUG    Using selector: EpollSelector
2022-06-06 15:18:05,912 asyncio      DEBUG    Using selector: EpollSelector
2022-06-06 15:18:06,910 asyncio      DEBUG    Using selector: EpollSelector
2022-06-06 15:18:07,911 asyncio      DEBUG    Using selector: EpollSelector
2022-06-06 15:18:08,912 asyncio      DEBUG    Using selector: EpollSelector
2022-06-06 15:18:09,911 asyncio      DEBUG    Using selector: EpollSelector
2022-06-06 15:18:10,911 asyncio      DEBUG    Using selector: EpollSelector
2022-06-06 15:18:11,909 asyncio      DEBUG    Using selector: EpollSelector
2022-06-06 15:18:12,909 asyncio      DEBUG    Using selector: EpollSelector
2022-06-06 15:18:13,908 asyncio      DEBUG    Using selector: EpollSelector
2022-06-06 15:18:14,908 asyncio      DEBUG    Using selector: EpollSelector
2022-06-06 15:18:15,908 asyncio      DEBUG    Using selector: EpollSelector
2022-06-06 15:18:16,910 asyncio      DEBUG    Using selector: EpollSelector
2022-06-06 15:18:17,909 asyncio      DEBUG    Using selector: EpollSelector
2022-06-06 15:18:18,909 asyncio      DEBUG    Using selector: EpollSelector
2022-06-06 15:18:19,909 asyncio      DEBUG    Using selector: EpollSelector
2022-06-06 15:18:20,908 asyncio      DEBUG    Using selector: EpollSelector
2022-06-06 15:18:21,908 asyncio      DEBUG    Using selector: EpollSelector
2022-06-06 15:18:22,909 asyncio      DEBUG    Using selector: EpollSelector
2022-06-06 15:18:23,909 asyncio      DEBUG    Using selector: EpollSelector
2022-06-06 15:18:24,909 asyncio      DEBUG    Using selector: EpollSelector
2022-06-06 15:18:25,908 asyncio      DEBUG    Using selector: EpollSelector
2022-06-06 15:18:26,908 asyncio      DEBUG    Using selector: EpollSelector
2022-06-06 15:18:27,910 asyncio      DEBUG    Using selector: EpollSelector
2022-06-06 15:18:28,923 asyncio      DEBUG    Using selector: EpollSelector
2022-06-06 15:18:29,908 asyncio      DEBUG    Using selector: EpollSelector
2022-06-06 15:18:30,911 asyncio      DEBUG    Using selector: EpollSelector
2022-06-06 15:18:31,911 asyncio      DEBUG    Using selector: EpollSelector
2022-06-06 15:18:32,911 asyncio      DEBUG    Using selector: EpollSelector
2022-06-06 15:18:33,911 asyncio      DEBUG    Using selector: EpollSelector
2022-06-06 15:18:34,910 asyncio      DEBUG    Using selector: EpollSelector
2022-06-06 15:18:35,914 asyncio      DEBUG    Using selector: EpollSelector
2022-06-06 15:18:36,912 asyncio      DEBUG    Using selector: EpollSelector
2022-06-06 15:18:37,910 asyncio      DEBUG    Using selector: EpollSelector
2022-06-06 15:18:38,911 asyncio      DEBUG    Using selector: EpollSelector
2022-06-06 15:18:39,910 asyncio      DEBUG    Using selector: EpollSelector
2022-06-06 15:18:40,912 asyncio      DEBUG    Using selector: EpollSelector
2022-06-06 15:18:41,911 asyncio      DEBUG    Using selector: EpollSelector
2022-06-06 15:18:42,911 asyncio      DEBUG    Using selector: EpollSelector
2022-06-06 15:18:43,912 asyncio      DEBUG    Using selector: EpollSelector
2022-06-06 15:18:44,912 asyncio      DEBUG    Using selector: EpollSelector
2022-06-06 15:18:45,911 asyncio      DEBUG    Using selector: EpollSelector
2022-06-06 15:18:46,910 asyncio      DEBUG    Using selector: EpollSelector
2022-06-06 15:18:47,910 asyncio      DEBUG    Using selector: EpollSelector
2022-06-06 15:18:48,911 asyncio      DEBUG    Using selector: EpollSelector
2022-06-06 15:18:49,911 asyncio      DEBUG    Using selector: EpollSelector
2022-06-06 15:18:50,910 asyncio      DEBUG    Using selector: EpollSelector
2022-06-06 15:18:51,914 asyncio      DEBUG    Using selector: EpollSelector
2022-06-06 15:18:52,912 asyncio      DEBUG    Using selector: EpollSelector
2022-06-06 15:18:53,911 asyncio      DEBUG    Using selector: EpollSelector
2022-06-06 15:18:54,911 asyncio      DEBUG    Using selector: EpollSelector
2022-06-06 15:18:55,910 asyncio      DEBUG    Using selector: EpollSelector
2022-06-06 15:18:56,913 asyncio      DEBUG    Using selector: EpollSelector
2022-06-06 15:18:57,913 asyncio      DEBUG    Using selector: EpollSelector
2022-06-06 15:18:58,911 asyncio      DEBUG    Using selector: EpollSelector
2022-06-06 15:18:59,911 asyncio      DEBUG    Using selector: EpollSelector
2022-06-06 15:19:00,912 asyncio      DEBUG    Using selector: EpollSelector
2022-06-06 15:19:01,911 asyncio      DEBUG    Using selector: EpollSelector
2022-06-06 15:19:02,910 asyncio      DEBUG    Using selector: EpollSelector
2022-06-06 15:19:03,910 asyncio      DEBUG    Using selector: EpollSelector
2022-06-06 15:19:04,912 asyncio      DEBUG    Using selector: EpollSelector
2022-06-06 15:19:05,910 asyncio      DEBUG    Using selector: EpollSelector
2022-06-06 15:19:06,911 asyncio      DEBUG    Using selector: EpollSelector
2022-06-06 15:19:07,910 asyncio      DEBUG    Using selector: EpollSelector
2022-06-06 15:19:08,913 asyncio      DEBUG    Using selector: EpollSelector
2022-06-06 15:19:09,912 asyncio      DEBUG    Using selector: EpollSelector
2022-06-06 15:19:10,911 asyncio      DEBUG    Using selector: EpollSelector
2022-06-06 15:19:11,913 asyncio      DEBUG    Using selector: EpollSelector
2022-06-06 15:19:12,911 asyncio      DEBUG    Using selector: EpollSelector
2022-06-06 15:19:13,914 asyncio      DEBUG    Using selector: EpollSelector
2022-06-06 15:19:14,909 asyncio      DEBUG    Using selector: EpollSelector
2022-06-06 15:19:15,912 asyncio      DEBUG    Using selector: EpollSelector
2022-06-06 15:19:16,910 asyncio      DEBUG    Using selector: EpollSelector
2022-06-06 15:19:17,911 asyncio      DEBUG    Using selector: EpollSelector
2022-06-06 15:19:18,910 asyncio      DEBUG    Using selector: EpollSelector
2022-06-06 15:19:19,911 asyncio      DEBUG    Using selector: EpollSelector
2022-06-06 15:19:20,912 asyncio      DEBUG    Using selector: EpollSelector
2022-06-06 15:19:21,910 asyncio      DEBUG    Using selector: EpollSelector
2022-06-06 15:19:22,911 asyncio      DEBUG    Using selector: EpollSelector
2022-06-06 15:19:23,911 asyncio      DEBUG    Using selector: EpollSelector
2022-06-06 15:19:24,911 asyncio      DEBUG    Using selector: EpollSelector
2022-06-06 15:19:25,911 asyncio      DEBUG    Using selector: EpollSelector
2022-06-06 15:19:26,912 asyncio      DEBUG    Using selector: EpollSelector
2022-06-06 15:19:27,910 asyncio      DEBUG    Using selector: EpollSelector
2022-06-06 15:19:28,912 asyncio      DEBUG    Using selector: EpollSelector
2022-06-06 15:19:29,910 asyncio      DEBUG    Using selector: EpollSelector
2022-06-06 15:19:30,911 asyncio      DEBUG    Using selector: EpollSelector
2022-06-06 15:19:31,910 asyncio      DEBUG    Using selector: EpollSelector
2022-06-06 15:19:32,912 asyncio      DEBUG    Using selector: EpollSelector
2022-06-06 15:19:33,911 asyncio      DEBUG    Using selector: EpollSelector
2022-06-06 15:19:34,912 asyncio      DEBUG    Using selector: EpollSelector
2022-06-06 15:19:35,909 asyncio      DEBUG    Using selector: EpollSelector
2022-06-06 15:19:36,912 asyncio      DEBUG    Using selector: EpollSelector
2022-06-06 15:19:47,524 django.utils.autoreload INFO     Watching for file changes with StatReloader
2022-06-06 15:19:47,913 asyncio      DEBUG    Using selector: EpollSelector
2022-06-06 15:19:48,909 asyncio      DEBUG    Using selector: EpollSelector
2022-06-06 15:19:49,911 asyncio      DEBUG    Using selector: EpollSelector
2022-06-06 15:19:50,911 asyncio      DEBUG    Using selector: EpollSelector
2022-06-06 15:19:51,911 asyncio      DEBUG    Using selector: EpollSelector
2022-06-06 15:19:52,911 asyncio      DEBUG    Using selector: EpollSelector
2022-06-06 15:19:53,912 asyncio      DEBUG    Using selector: EpollSelector
2022-06-06 15:19:54,911 asyncio      DEBUG    Using selector: EpollSelector
2022-06-06 15:19:55,911 asyncio      DEBUG    Using selector: EpollSelector
2022-06-06 15:19:56,912 asyncio      DEBUG    Using selector: EpollSelector
2022-06-06 15:19:57,911 asyncio      DEBUG    Using selector: EpollSelector
2022-06-06 15:19:58,912 asyncio      DEBUG    Using selector: EpollSelector
2022-06-06 15:19:59,910 asyncio      DEBUG    Using selector: EpollSelector
2022-06-06 15:20:00,911 asyncio      DEBUG    Using selector: EpollSelector
2022-06-06 15:20:01,910 asyncio      DEBUG    Using selector: EpollSelector
2022-06-06 15:20:02,909 asyncio      DEBUG    Using selector: EpollSelector
2022-06-06 15:20:03,911 asyncio      DEBUG    Using selector: EpollSelector
2022-06-06 15:20:04,911 asyncio      DEBUG    Using selector: EpollSelector
2022-06-06 15:20:05,911 asyncio      DEBUG    Using selector: EpollSelector
2022-06-06 15:20:06,909 asyncio      DEBUG    Using selector: EpollSelector
2022-06-06 15:20:07,912 asyncio      DEBUG    Using selector: EpollSelector
2022-06-06 15:20:08,912 asyncio      DEBUG    Using selector: EpollSelector
2022-06-06 15:20:09,911 asyncio      DEBUG    Using selector: EpollSelector
2022-06-06 15:20:10,912 asyncio      DEBUG    Using selector: EpollSelector
2022-06-06 15:20:11,911 asyncio      DEBUG    Using selector: EpollSelector
2022-06-06 15:20:12,910 asyncio      DEBUG    Using selector: EpollSelector
2022-06-06 15:20:13,911 asyncio      DEBUG    Using selector: EpollSelector
2022-06-06 15:20:14,907 asyncio      DEBUG    Using selector: EpollSelector
2022-06-06 15:20:15,909 asyncio      DEBUG    Using selector: EpollSelector
2022-06-06 15:20:16,911 asyncio      DEBUG    Using selector: EpollSelector
2022-06-06 15:20:17,913 asyncio      DEBUG    Using selector: EpollSelector
2022-06-06 15:20:18,909 asyncio      DEBUG    Using selector: EpollSelector
2022-06-06 15:20:19,910 asyncio      DEBUG    Using selector: EpollSelector
2022-06-06 15:20:20,912 asyncio      DEBUG    Using selector: EpollSelector
2022-06-06 15:20:21,912 asyncio      DEBUG    Using selector: EpollSelector
2022-06-06 15:20:22,909 asyncio      DEBUG    Using selector: EpollSelector
2022-06-06 15:20:23,911 asyncio      DEBUG    Using selector: EpollSelector
2022-06-06 15:20:24,909 asyncio      DEBUG    Using selector: EpollSelector
2022-06-06 15:20:25,908 asyncio      DEBUG    Using selector: EpollSelector
2022-06-06 15:20:26,909 asyncio      DEBUG    Using selector: EpollSelector
2022-06-06 15:20:27,909 asyncio      DEBUG    Using selector: EpollSelector
2022-06-06 15:20:28,912 asyncio      DEBUG    Using selector: EpollSelector
2022-06-06 15:20:29,911 asyncio      DEBUG    Using selector: EpollSelector
2022-06-06 15:20:30,911 asyncio      DEBUG    Using selector: EpollSelector
2022-06-06 15:20:31,912 asyncio      DEBUG    Using selector: EpollSelector
2022-06-06 15:20:32,911 asyncio      DEBUG    Using selector: EpollSelector
2022-06-06 15:20:33,911 asyncio      DEBUG    Using selector: EpollSelector
2022-06-06 15:20:34,911 asyncio      DEBUG    Using selector: EpollSelector
2022-06-06 15:20:35,911 asyncio      DEBUG    Using selector: EpollSelector
2022-06-06 15:20:36,911 asyncio      DEBUG    Using selector: EpollSelector
2022-06-06 15:20:37,912 asyncio      DEBUG    Using selector: EpollSelector
2022-06-06 15:20:38,911 asyncio      DEBUG    Using selector: EpollSelector
2022-06-06 15:20:39,910 asyncio      DEBUG    Using selector: EpollSelector
2022-06-06 15:20:40,911 asyncio      DEBUG    Using selector: EpollSelector
2022-06-06 15:20:41,910 asyncio      DEBUG    Using selector: EpollSelector
2022-06-06 15:20:42,911 asyncio      DEBUG    Using selector: EpollSelector
2022-06-06 15:20:43,912 asyncio      DEBUG    Using selector: EpollSelector
2022-06-06 15:20:44,910 asyncio      DEBUG    Using selector: EpollSelector
2022-06-06 15:20:45,912 asyncio      DEBUG    Using selector: EpollSelector
2022-06-06 15:20:46,910 asyncio      DEBUG    Using selector: EpollSelector
2022-06-06 15:20:47,912 asyncio      DEBUG    Using selector: EpollSelector
2022-06-06 15:20:48,912 asyncio      DEBUG    Using selector: EpollSelector
2022-06-06 15:20:49,911 asyncio      DEBUG    Using selector: EpollSelector
2022-06-06 15:20:50,912 asyncio      DEBUG    Using selector: EpollSelector
2022-06-06 15:20:51,910 asyncio      DEBUG    Using selector: EpollSelector
2022-06-06 15:20:52,911 asyncio      DEBUG    Using selector: EpollSelector
2022-06-06 15:20:53,911 asyncio      DEBUG    Using selector: EpollSelector
2022-06-06 15:20:54,910 asyncio      DEBUG    Using selector: EpollSelector
2022-06-06 15:20:55,910 asyncio      DEBUG    Using selector: EpollSelector
2022-06-06 15:20:56,911 asyncio      DEBUG    Using selector: EpollSelector
2022-06-06 15:20:57,910 asyncio      DEBUG    Using selector: EpollSelector
2022-06-06 15:20:58,910 asyncio      DEBUG    Using selector: EpollSelector
2022-06-06 15:20:59,911 asyncio      DEBUG    Using selector: EpollSelector
2022-06-06 15:21:00,911 asyncio      DEBUG    Using selector: EpollSelector
2022-06-06 15:21:01,909 asyncio      DEBUG    Using selector: EpollSelector
2022-06-06 15:21:02,912 asyncio      DEBUG    Using selector: EpollSelector
2022-06-06 15:21:03,910 asyncio      DEBUG    Using selector: EpollSelector
2022-06-06 15:21:04,911 asyncio      DEBUG    Using selector: EpollSelector
2022-06-06 15:21:05,911 asyncio      DEBUG    Using selector: EpollSelector
2022-06-06 15:21:06,908 asyncio      DEBUG    Using selector: EpollSelector
2022-06-06 15:21:07,906 asyncio      DEBUG    Using selector: EpollSelector
2022-06-06 15:21:08,909 asyncio      DEBUG    Using selector: EpollSelector
2022-06-06 15:21:09,911 asyncio      DEBUG    Using selector: EpollSelector
2022-06-06 15:21:10,908 asyncio      DEBUG    Using selector: EpollSelector
2022-06-06 15:21:11,911 asyncio      DEBUG    Using selector: EpollSelector
2022-06-06 15:21:12,911 asyncio      DEBUG    Using selector: EpollSelector
2022-06-06 15:21:13,910 asyncio      DEBUG    Using selector: EpollSelector
2022-06-06 15:21:14,911 asyncio      DEBUG    Using selector: EpollSelector
2022-06-06 15:21:15,911 asyncio      DEBUG    Using selector: EpollSelector
2022-06-06 15:21:16,911 asyncio      DEBUG    Using selector: EpollSelector
2022-06-06 15:21:17,911 asyncio      DEBUG    Using selector: EpollSelector
2022-06-06 15:21:18,910 asyncio      DEBUG    Using selector: EpollSelector
2022-06-06 15:21:19,910 asyncio      DEBUG    Using selector: EpollSelector
2022-06-06 15:21:20,911 asyncio      DEBUG    Using selector: EpollSelector
2022-06-06 15:21:21,912 asyncio      DEBUG    Using selector: EpollSelector
2022-06-06 15:21:22,912 asyncio      DEBUG    Using selector: EpollSelector
2022-06-06 15:21:23,912 asyncio      DEBUG    Using selector: EpollSelector
2022-06-06 15:21:24,911 asyncio      DEBUG    Using selector: EpollSelector
2022-06-06 15:21:25,912 asyncio      DEBUG    Using selector: EpollSelector
2022-06-06 15:21:26,912 asyncio      DEBUG    Using selector: EpollSelector
2022-06-06 15:21:27,911 asyncio      DEBUG    Using selector: EpollSelector
2022-06-06 15:21:28,911 asyncio      DEBUG    Using selector: EpollSelector
2022-06-06 15:21:29,910 asyncio      DEBUG    Using selector: EpollSelector
2022-06-06 15:21:30,911 asyncio      DEBUG    Using selector: EpollSelector
2022-06-06 15:21:31,911 asyncio      DEBUG    Using selector: EpollSelector
2022-06-06 15:21:32,911 asyncio      DEBUG    Using selector: EpollSelector
2022-06-06 15:21:33,911 asyncio      DEBUG    Using selector: EpollSelector
2022-06-06 15:21:34,910 asyncio      DEBUG    Using selector: EpollSelector
2022-06-06 15:21:35,911 asyncio      DEBUG    Using selector: EpollSelector
2022-06-06 15:21:36,910 asyncio      DEBUG    Using selector: EpollSelector
2022-06-06 15:21:37,911 asyncio      DEBUG    Using selector: EpollSelector
2022-06-06 15:21:38,912 asyncio      DEBUG    Using selector: EpollSelector
2022-06-06 15:21:39,910 asyncio      DEBUG    Using selector: EpollSelector
2022-06-06 15:21:40,913 asyncio      DEBUG    Using selector: EpollSelector
2022-06-06 15:21:41,910 asyncio      DEBUG    Using selector: EpollSelector
2022-06-06 15:21:42,913 asyncio      DEBUG    Using selector: EpollSelector
2022-06-06 15:21:43,911 asyncio      DEBUG    Using selector: EpollSelector
2022-06-06 15:21:44,911 asyncio      DEBUG    Using selector: EpollSelector
2022-06-06 15:21:45,911 asyncio      DEBUG    Using selector: EpollSelector
2022-06-06 15:21:46,911 asyncio      DEBUG    Using selector: EpollSelector
2022-06-06 15:21:47,912 asyncio      DEBUG    Using selector: EpollSelector
2022-06-06 15:21:48,911 asyncio      DEBUG    Using selector: EpollSelector
2022-06-06 15:21:49,911 asyncio      DEBUG    Using selector: EpollSelector
2022-06-06 15:21:50,911 asyncio      DEBUG    Using selector: EpollSelector
2022-06-06 15:21:51,911 asyncio      DEBUG    Using selector: EpollSelector
2022-06-06 15:21:52,910 asyncio      DEBUG    Using selector: EpollSelector
2022-06-06 15:21:53,912 asyncio      DEBUG    Using selector: EpollSelector
2022-06-06 15:21:54,911 asyncio      DEBUG    Using selector: EpollSelector
2022-06-06 15:21:55,911 asyncio      DEBUG    Using selector: EpollSelector
2022-06-06 15:21:56,911 asyncio      DEBUG    Using selector: EpollSelector
2022-06-06 15:21:57,911 asyncio      DEBUG    Using selector: EpollSelector
2022-06-06 15:21:58,909 asyncio      DEBUG    Using selector: EpollSelector
2022-06-06 15:21:59,910 asyncio      DEBUG    Using selector: EpollSelector
2022-06-06 15:22:00,910 asyncio      DEBUG    Using selector: EpollSelector
2022-06-06 15:22:01,908 asyncio      DEBUG    Using selector: EpollSelector
2022-06-06 15:22:02,911 asyncio      DEBUG    Using selector: EpollSelector
2022-06-06 15:22:03,912 asyncio      DEBUG    Using selector: EpollSelector
2022-06-06 15:22:04,909 asyncio      DEBUG    Using selector: EpollSelector
2022-06-06 15:22:05,909 asyncio      DEBUG    Using selector: EpollSelector
2022-06-06 15:22:06,909 asyncio      DEBUG    Using selector: EpollSelector
2022-06-06 15:22:07,909 asyncio      DEBUG    Using selector: EpollSelector
2022-06-06 15:22:08,910 asyncio      DEBUG    Using selector: EpollSelector
2022-06-06 15:22:09,910 asyncio      DEBUG    Using selector: EpollSelector
2022-06-06 15:22:10,911 asyncio      DEBUG    Using selector: EpollSelector
2022-06-06 15:22:11,911 asyncio      DEBUG    Using selector: EpollSelector
2022-06-06 15:22:12,912 asyncio      DEBUG    Using selector: EpollSelector
2022-06-06 15:22:13,910 asyncio      DEBUG    Using selector: EpollSelector
2022-06-06 15:22:14,933 asyncio      DEBUG    Using selector: EpollSelector
2022-06-06 15:22:15,910 asyncio      DEBUG    Using selector: EpollSelector
2022-06-06 15:22:16,911 asyncio      DEBUG    Using selector: EpollSelector
2022-06-06 15:22:17,914 asyncio      DEBUG    Using selector: EpollSelector
2022-06-06 15:22:18,912 asyncio      DEBUG    Using selector: EpollSelector
2022-06-06 15:22:19,909 asyncio      DEBUG    Using selector: EpollSelector
2022-06-06 15:22:20,911 asyncio      DEBUG    Using selector: EpollSelector
2022-06-06 15:22:21,910 asyncio      DEBUG    Using selector: EpollSelector
2022-06-06 15:22:22,910 asyncio      DEBUG    Using selector: EpollSelector
2022-06-06 15:22:23,911 asyncio      DEBUG    Using selector: EpollSelector
2022-06-06 15:22:24,910 asyncio      DEBUG    Using selector: EpollSelector
2022-06-06 15:22:25,909 asyncio      DEBUG    Using selector: EpollSelector
2022-06-06 15:22:26,908 asyncio      DEBUG    Using selector: EpollSelector
2022-06-06 15:22:27,912 asyncio      DEBUG    Using selector: EpollSelector
2022-06-06 15:22:28,910 asyncio      DEBUG    Using selector: EpollSelector
2022-06-06 15:22:29,911 asyncio      DEBUG    Using selector: EpollSelector
2022-06-06 15:22:30,911 asyncio      DEBUG    Using selector: EpollSelector
2022-06-06 15:22:31,912 asyncio      DEBUG    Using selector: EpollSelector
2022-06-06 15:22:32,910 asyncio      DEBUG    Using selector: EpollSelector
2022-06-06 15:22:33,911 asyncio      DEBUG    Using selector: EpollSelector
2022-06-06 15:22:34,910 asyncio      DEBUG    Using selector: EpollSelector
2022-06-06 15:22:35,912 asyncio      DEBUG    Using selector: EpollSelector
2022-06-06 15:32:14,716 asyncio      DEBUG    Using selector: EpollSelector
2022-06-06 15:32:14,895 asyncio      DEBUG    Using selector: EpollSelector
2022-06-06 15:32:15,897 asyncio      DEBUG    Using selector: EpollSelector
2022-06-06 15:32:16,896 asyncio      DEBUG    Using selector: EpollSelector
2022-06-06 15:32:17,897 asyncio      DEBUG    Using selector: EpollSelector
2022-06-06 15:32:18,896 asyncio      DEBUG    Using selector: EpollSelector
2022-06-06 15:32:19,897 asyncio      DEBUG    Using selector: EpollSelector
2022-06-06 15:32:20,899 asyncio      DEBUG    Using selector: EpollSelector
2022-06-06 15:32:21,897 asyncio      DEBUG    Using selector: EpollSelector
2022-06-06 15:32:22,898 asyncio      DEBUG    Using selector: EpollSelector
2022-06-06 15:32:23,898 asyncio      DEBUG    Using selector: EpollSelector
2022-06-06 15:32:24,898 asyncio      DEBUG    Using selector: EpollSelector
2022-06-06 15:32:25,899 asyncio      DEBUG    Using selector: EpollSelector
2022-06-06 15:32:26,899 asyncio      DEBUG    Using selector: EpollSelector
2022-06-06 15:32:27,898 asyncio      DEBUG    Using selector: EpollSelector
2022-06-06 15:32:28,898 asyncio      DEBUG    Using selector: EpollSelector
2022-06-06 15:32:29,897 asyncio      DEBUG    Using selector: EpollSelector
2022-06-06 15:32:30,898 asyncio      DEBUG    Using selector: EpollSelector
2022-06-06 15:32:31,897 asyncio      DEBUG    Using selector: EpollSelector
2022-06-06 15:32:32,898 asyncio      DEBUG    Using selector: EpollSelector
2022-06-06 15:32:33,899 asyncio      DEBUG    Using selector: EpollSelector
2022-06-06 15:32:34,899 asyncio      DEBUG    Using selector: EpollSelector
2022-06-06 15:32:35,898 asyncio      DEBUG    Using selector: EpollSelector
2022-06-06 15:32:36,899 asyncio      DEBUG    Using selector: EpollSelector
2022-06-06 15:32:37,898 asyncio      DEBUG    Using selector: EpollSelector
2022-06-06 15:32:38,899 asyncio      DEBUG    Using selector: EpollSelector
2022-06-06 15:32:39,898 asyncio      DEBUG    Using selector: EpollSelector
2022-06-06 15:32:40,898 asyncio      DEBUG    Using selector: EpollSelector
2022-06-06 15:32:41,899 asyncio      DEBUG    Using selector: EpollSelector
2022-06-06 15:32:42,898 asyncio      DEBUG    Using selector: EpollSelector
2022-06-06 15:32:43,898 asyncio      DEBUG    Using selector: EpollSelector
2022-06-06 15:32:44,897 asyncio      DEBUG    Using selector: EpollSelector
2022-06-06 15:32:45,898 asyncio      DEBUG    Using selector: EpollSelector
2022-06-06 15:32:46,899 asyncio      DEBUG    Using selector: EpollSelector
2022-06-06 15:32:47,898 asyncio      DEBUG    Using selector: EpollSelector
2022-06-06 15:32:48,898 asyncio      DEBUG    Using selector: EpollSelector
2022-06-06 15:32:49,897 asyncio      DEBUG    Using selector: EpollSelector
2022-06-06 15:32:50,899 asyncio      DEBUG    Using selector: EpollSelector
2022-06-06 15:32:51,898 asyncio      DEBUG    Using selector: EpollSelector
2022-06-06 15:32:52,898 asyncio      DEBUG    Using selector: EpollSelector
2022-06-06 15:32:53,898 asyncio      DEBUG    Using selector: EpollSelector
2022-06-06 15:32:54,898 asyncio      DEBUG    Using selector: EpollSelector
2022-06-06 15:32:55,898 asyncio      DEBUG    Using selector: EpollSelector
2022-06-06 15:32:56,898 asyncio      DEBUG    Using selector: EpollSelector
2022-06-06 15:32:57,898 asyncio      DEBUG    Using selector: EpollSelector
2022-06-06 15:32:58,899 asyncio      DEBUG    Using selector: EpollSelector
2022-06-06 15:32:59,898 asyncio      DEBUG    Using selector: EpollSelector
2022-06-06 15:33:00,898 asyncio      DEBUG    Using selector: EpollSelector
2022-06-06 15:33:01,898 asyncio      DEBUG    Using selector: EpollSelector
2022-06-06 15:33:02,899 asyncio      DEBUG    Using selector: EpollSelector
2022-06-06 15:33:03,899 asyncio      DEBUG    Using selector: EpollSelector
2022-06-06 15:33:04,898 asyncio      DEBUG    Using selector: EpollSelector
2022-06-06 15:33:05,898 asyncio      DEBUG    Using selector: EpollSelector
2022-06-06 15:33:06,898 asyncio      DEBUG    Using selector: EpollSelector
2022-06-06 15:33:07,898 asyncio      DEBUG    Using selector: EpollSelector
2022-06-06 15:33:08,899 asyncio      DEBUG    Using selector: EpollSelector
2022-06-06 15:33:09,898 asyncio      DEBUG    Using selector: EpollSelector
2022-06-06 15:33:10,899 asyncio      DEBUG    Using selector: EpollSelector
2022-06-06 15:33:11,898 asyncio      DEBUG    Using selector: EpollSelector
2022-06-06 15:33:12,898 asyncio      DEBUG    Using selector: EpollSelector
2022-06-06 15:33:13,898 asyncio      DEBUG    Using selector: EpollSelector
2022-06-06 15:33:14,899 asyncio      DEBUG    Using selector: EpollSelector
2022-06-06 15:33:15,900 asyncio      DEBUG    Using selector: EpollSelector
2022-06-06 15:33:16,898 asyncio      DEBUG    Using selector: EpollSelector
2022-06-06 15:33:17,898 asyncio      DEBUG    Using selector: EpollSelector
2022-06-06 15:33:18,900 asyncio      DEBUG    Using selector: EpollSelector
2022-06-06 15:33:19,898 asyncio      DEBUG    Using selector: EpollSelector
2022-06-06 15:33:20,898 asyncio      DEBUG    Using selector: EpollSelector
2022-06-06 15:33:21,899 asyncio      DEBUG    Using selector: EpollSelector
2022-06-06 15:33:22,899 asyncio      DEBUG    Using selector: EpollSelector
2022-06-06 15:33:23,898 asyncio      DEBUG    Using selector: EpollSelector
2022-06-06 15:33:24,897 asyncio      DEBUG    Using selector: EpollSelector
2022-06-06 15:33:25,898 asyncio      DEBUG    Using selector: EpollSelector
2022-06-06 15:33:26,898 asyncio      DEBUG    Using selector: EpollSelector
2022-06-06 15:33:27,898 asyncio      DEBUG    Using selector: EpollSelector
2022-06-06 15:33:28,898 asyncio      DEBUG    Using selector: EpollSelector
2022-06-06 15:33:29,898 asyncio      DEBUG    Using selector: EpollSelector
2022-06-06 15:33:30,899 asyncio      DEBUG    Using selector: EpollSelector
2022-06-06 15:33:31,898 asyncio      DEBUG    Using selector: EpollSelector
2022-06-06 15:33:32,897 asyncio      DEBUG    Using selector: EpollSelector
2022-06-06 15:33:33,897 asyncio      DEBUG    Using selector: EpollSelector
2022-06-06 15:33:34,898 asyncio      DEBUG    Using selector: EpollSelector
2022-06-06 15:33:35,898 asyncio      DEBUG    Using selector: EpollSelector
2022-06-06 15:33:36,899 asyncio      DEBUG    Using selector: EpollSelector
2022-06-06 15:33:37,897 asyncio      DEBUG    Using selector: EpollSelector
2022-06-06 15:33:38,898 asyncio      DEBUG    Using selector: EpollSelector
2022-06-06 15:33:39,898 asyncio      DEBUG    Using selector: EpollSelector
2022-06-06 15:33:40,898 asyncio      DEBUG    Using selector: EpollSelector
2022-06-06 15:33:41,897 asyncio      DEBUG    Using selector: EpollSelector
2022-06-06 15:33:42,898 asyncio      DEBUG    Using selector: EpollSelector
2022-06-06 15:33:43,898 asyncio      DEBUG    Using selector: EpollSelector
2022-06-06 15:33:44,898 asyncio      DEBUG    Using selector: EpollSelector
2022-06-06 15:33:45,898 asyncio      DEBUG    Using selector: EpollSelector
2022-06-06 15:33:46,898 asyncio      DEBUG    Using selector: EpollSelector
2022-06-06 15:33:47,897 asyncio      DEBUG    Using selector: EpollSelector
2022-06-06 15:33:48,897 asyncio      DEBUG    Using selector: EpollSelector
2022-06-06 15:33:49,898 asyncio      DEBUG    Using selector: EpollSelector
2022-06-06 15:33:50,898 asyncio      DEBUG    Using selector: EpollSelector
2022-06-06 15:33:51,897 asyncio      DEBUG    Using selector: EpollSelector
2022-06-06 15:33:52,899 asyncio      DEBUG    Using selector: EpollSelector
2022-06-06 15:33:53,898 asyncio      DEBUG    Using selector: EpollSelector
2022-06-06 15:33:54,898 asyncio      DEBUG    Using selector: EpollSelector
2022-06-06 15:33:55,899 asyncio      DEBUG    Using selector: EpollSelector
2022-06-06 15:33:56,897 asyncio      DEBUG    Using selector: EpollSelector
2022-06-06 15:33:57,898 asyncio      DEBUG    Using selector: EpollSelector
2022-06-06 15:33:58,897 asyncio      DEBUG    Using selector: EpollSelector
2022-06-06 15:33:59,898 asyncio      DEBUG    Using selector: EpollSelector
2022-06-06 15:34:00,899 asyncio      DEBUG    Using selector: EpollSelector
2022-06-06 15:34:01,898 asyncio      DEBUG    Using selector: EpollSelector
2022-06-06 15:34:02,899 asyncio      DEBUG    Using selector: EpollSelector
2022-06-06 15:34:03,897 asyncio      DEBUG    Using selector: EpollSelector
2022-06-06 15:34:04,895 asyncio      DEBUG    Using selector: EpollSelector
2022-06-06 15:34:05,897 asyncio      DEBUG    Using selector: EpollSelector
2022-06-06 15:34:06,900 asyncio      DEBUG    Using selector: EpollSelector
2022-06-06 15:34:07,895 asyncio      DEBUG    Using selector: EpollSelector
2022-06-06 15:34:08,895 asyncio      DEBUG    Using selector: EpollSelector
2022-06-06 15:34:09,895 asyncio      DEBUG    Using selector: EpollSelector
2022-06-06 15:34:10,900 asyncio      DEBUG    Using selector: EpollSelector
2022-06-06 15:34:11,900 asyncio      DEBUG    Using selector: EpollSelector
2022-06-06 15:34:12,896 asyncio      DEBUG    Using selector: EpollSelector
2022-06-06 15:34:13,896 asyncio      DEBUG    Using selector: EpollSelector
2022-06-06 15:34:14,894 asyncio      DEBUG    Using selector: EpollSelector
2022-06-06 15:34:15,898 asyncio      DEBUG    Using selector: EpollSelector
2022-06-06 15:34:16,897 asyncio      DEBUG    Using selector: EpollSelector
2022-06-06 15:34:17,897 asyncio      DEBUG    Using selector: EpollSelector
2022-06-06 15:34:18,897 asyncio      DEBUG    Using selector: EpollSelector
2022-06-06 15:34:19,898 asyncio      DEBUG    Using selector: EpollSelector
2022-06-06 15:34:20,897 asyncio      DEBUG    Using selector: EpollSelector
2022-06-06 15:34:21,897 asyncio      DEBUG    Using selector: EpollSelector
2022-06-06 15:34:22,898 asyncio      DEBUG    Using selector: EpollSelector
2022-06-06 15:34:23,898 asyncio      DEBUG    Using selector: EpollSelector
2022-06-06 15:34:24,897 asyncio      DEBUG    Using selector: EpollSelector
2022-06-06 15:34:25,897 asyncio      DEBUG    Using selector: EpollSelector
2022-06-06 15:34:26,897 asyncio      DEBUG    Using selector: EpollSelector
2022-06-06 15:34:27,897 asyncio      DEBUG    Using selector: EpollSelector
2022-06-06 15:34:28,897 asyncio      DEBUG    Using selector: EpollSelector
2022-06-06 15:34:29,897 asyncio      DEBUG    Using selector: EpollSelector
2022-06-06 15:34:30,902 asyncio      DEBUG    Using selector: EpollSelector
2022-06-06 15:34:31,898 asyncio      DEBUG    Using selector: EpollSelector
2022-06-06 15:34:32,897 asyncio      DEBUG    Using selector: EpollSelector
2022-06-06 15:34:33,897 asyncio      DEBUG    Using selector: EpollSelector
2022-06-06 15:34:34,895 asyncio      DEBUG    Using selector: EpollSelector
2022-06-06 15:34:35,899 asyncio      DEBUG    Using selector: EpollSelector
2022-06-06 15:34:36,897 asyncio      DEBUG    Using selector: EpollSelector
2022-06-06 15:34:37,895 asyncio      DEBUG    Using selector: EpollSelector
2022-06-06 15:34:38,896 asyncio      DEBUG    Using selector: EpollSelector
2022-06-06 15:34:39,895 asyncio      DEBUG    Using selector: EpollSelector
2022-06-06 15:34:40,895 asyncio      DEBUG    Using selector: EpollSelector
2022-06-06 15:34:41,895 asyncio      DEBUG    Using selector: EpollSelector
2022-06-06 15:34:42,895 asyncio      DEBUG    Using selector: EpollSelector
2022-06-06 15:34:43,897 asyncio      DEBUG    Using selector: EpollSelector
2022-06-06 15:34:44,897 asyncio      DEBUG    Using selector: EpollSelector
2022-06-06 15:34:45,896 asyncio      DEBUG    Using selector: EpollSelector
2022-06-06 15:34:46,896 asyncio      DEBUG    Using selector: EpollSelector
2022-06-06 15:34:47,896 asyncio      DEBUG    Using selector: EpollSelector
2022-06-06 15:34:48,896 asyncio      DEBUG    Using selector: EpollSelector
2022-06-06 15:34:49,895 asyncio      DEBUG    Using selector: EpollSelector
2022-06-06 15:34:50,896 asyncio      DEBUG    Using selector: EpollSelector
2022-06-06 15:34:51,895 asyncio      DEBUG    Using selector: EpollSelector
2022-06-06 15:34:52,895 asyncio      DEBUG    Using selector: EpollSelector
2022-06-06 15:34:53,896 asyncio      DEBUG    Using selector: EpollSelector
2022-06-06 15:34:54,897 asyncio      DEBUG    Using selector: EpollSelector
2022-06-06 15:34:55,895 asyncio      DEBUG    Using selector: EpollSelector
2022-06-06 15:34:56,896 asyncio      DEBUG    Using selector: EpollSelector
2022-06-06 15:34:57,896 asyncio      DEBUG    Using selector: EpollSelector
2022-06-06 15:34:58,896 asyncio      DEBUG    Using selector: EpollSelector
2022-06-06 15:34:59,896 asyncio      DEBUG    Using selector: EpollSelector
2022-06-06 15:35:00,896 asyncio      DEBUG    Using selector: EpollSelector
2022-06-06 15:35:01,895 asyncio      DEBUG    Using selector: EpollSelector
2022-06-06 15:35:02,895 asyncio      DEBUG    Using selector: EpollSelector
2022-06-06 15:35:03,895 asyncio      DEBUG    Using selector: EpollSelector
2022-06-06 15:35:04,896 asyncio      DEBUG    Using selector: EpollSelector
2022-06-06 15:35:05,896 asyncio      DEBUG    Using selector: EpollSelector
2022-06-06 15:35:06,896 asyncio      DEBUG    Using selector: EpollSelector
2022-06-06 15:35:07,896 asyncio      DEBUG    Using selector: EpollSelector
2022-06-06 15:35:08,897 asyncio      DEBUG    Using selector: EpollSelector
2022-06-06 15:35:09,896 asyncio      DEBUG    Using selector: EpollSelector
2022-06-06 15:35:10,896 asyncio      DEBUG    Using selector: EpollSelector
2022-06-06 15:35:11,896 asyncio      DEBUG    Using selector: EpollSelector
2022-06-06 15:35:12,896 asyncio      DEBUG    Using selector: EpollSelector
2022-06-06 15:35:13,896 asyncio      DEBUG    Using selector: EpollSelector
2022-06-06 15:35:14,896 asyncio      DEBUG    Using selector: EpollSelector
2022-06-06 15:35:15,896 asyncio      DEBUG    Using selector: EpollSelector
2022-06-06 15:35:16,896 asyncio      DEBUG    Using selector: EpollSelector
2022-06-06 15:35:17,895 asyncio      DEBUG    Using selector: EpollSelector
2022-06-06 15:35:18,896 asyncio      DEBUG    Using selector: EpollSelector
2022-06-06 15:35:19,896 asyncio      DEBUG    Using selector: EpollSelector
2022-06-06 15:35:20,896 asyncio      DEBUG    Using selector: EpollSelector
2022-06-06 15:35:21,896 asyncio      DEBUG    Using selector: EpollSelector
2022-06-06 15:35:22,896 asyncio      DEBUG    Using selector: EpollSelector
2022-06-06 15:35:23,896 asyncio      DEBUG    Using selector: EpollSelector
2022-06-06 15:35:24,897 asyncio      DEBUG    Using selector: EpollSelector
2022-06-06 15:35:25,896 asyncio      DEBUG    Using selector: EpollSelector
2022-06-06 15:35:26,896 asyncio      DEBUG    Using selector: EpollSelector
2022-06-06 15:35:27,896 asyncio      DEBUG    Using selector: EpollSelector
2022-06-06 15:35:28,896 asyncio      DEBUG    Using selector: EpollSelector
2022-06-06 15:35:29,895 asyncio      DEBUG    Using selector: EpollSelector
2022-06-06 15:35:30,896 asyncio      DEBUG    Using selector: EpollSelector
2022-06-06 15:35:31,896 asyncio      DEBUG    Using selector: EpollSelector
2022-06-06 15:35:32,895 asyncio      DEBUG    Using selector: EpollSelector
2022-06-06 15:35:33,896 asyncio      DEBUG    Using selector: EpollSelector
2022-06-06 15:35:34,896 asyncio      DEBUG    Using selector: EpollSelector
2022-06-06 15:35:35,895 asyncio      DEBUG    Using selector: EpollSelector
2022-06-06 15:35:36,895 asyncio      DEBUG    Using selector: EpollSelector
2022-06-06 15:35:37,896 asyncio      DEBUG    Using selector: EpollSelector
2022-06-06 15:35:38,896 asyncio      DEBUG    Using selector: EpollSelector
2022-06-06 15:35:39,896 asyncio      DEBUG    Using selector: EpollSelector
2022-06-06 15:35:40,896 asyncio      DEBUG    Using selector: EpollSelector
2022-06-06 15:35:41,896 asyncio      DEBUG    Using selector: EpollSelector
2022-06-06 15:35:42,896 asyncio      DEBUG    Using selector: EpollSelector
2022-06-06 15:35:43,895 asyncio      DEBUG    Using selector: EpollSelector
2022-06-06 15:35:44,895 asyncio      DEBUG    Using selector: EpollSelector
2022-06-06 15:35:45,895 asyncio      DEBUG    Using selector: EpollSelector
2022-06-06 15:35:46,896 asyncio      DEBUG    Using selector: EpollSelector
2022-06-06 15:35:47,896 asyncio      DEBUG    Using selector: EpollSelector
2022-06-06 15:35:48,897 asyncio      DEBUG    Using selector: EpollSelector
2022-06-06 15:35:49,896 asyncio      DEBUG    Using selector: EpollSelector
2022-06-06 15:35:50,897 asyncio      DEBUG    Using selector: EpollSelector
2022-06-06 15:35:51,896 asyncio      DEBUG    Using selector: EpollSelector
2022-06-06 15:35:52,896 asyncio      DEBUG    Using selector: EpollSelector
2022-06-06 15:35:53,896 asyncio      DEBUG    Using selector: EpollSelector
2022-06-06 15:35:54,896 asyncio      DEBUG    Using selector: EpollSelector
2022-06-06 15:35:55,895 asyncio      DEBUG    Using selector: EpollSelector
2022-06-06 15:35:56,897 asyncio      DEBUG    Using selector: EpollSelector
2022-06-06 15:35:57,896 asyncio      DEBUG    Using selector: EpollSelector
2022-06-06 15:35:58,896 asyncio      DEBUG    Using selector: EpollSelector
2022-06-06 15:35:59,896 asyncio      DEBUG    Using selector: EpollSelector
2022-06-06 15:36:00,896 asyncio      DEBUG    Using selector: EpollSelector
2022-06-06 15:36:01,895 asyncio      DEBUG    Using selector: EpollSelector
2022-06-06 15:36:02,896 asyncio      DEBUG    Using selector: EpollSelector
2022-06-06 15:36:03,896 asyncio      DEBUG    Using selector: EpollSelector
2022-06-06 15:36:04,895 asyncio      DEBUG    Using selector: EpollSelector
2022-06-06 15:36:05,896 asyncio      DEBUG    Using selector: EpollSelector
2022-06-06 15:36:06,896 asyncio      DEBUG    Using selector: EpollSelector
2022-06-06 15:36:07,895 asyncio      DEBUG    Using selector: EpollSelector
2022-06-06 15:36:08,896 asyncio      DEBUG    Using selector: EpollSelector
2022-06-06 15:36:09,896 asyncio      DEBUG    Using selector: EpollSelector
2022-06-06 15:36:10,896 asyncio      DEBUG    Using selector: EpollSelector
2022-06-06 15:36:11,895 asyncio      DEBUG    Using selector: EpollSelector
2022-06-06 15:36:12,896 asyncio      DEBUG    Using selector: EpollSelector
2022-06-06 15:36:13,896 asyncio      DEBUG    Using selector: EpollSelector
2022-06-06 15:36:14,896 asyncio      DEBUG    Using selector: EpollSelector
2022-06-06 15:36:15,896 asyncio      DEBUG    Using selector: EpollSelector
2022-06-06 15:36:16,896 asyncio      DEBUG    Using selector: EpollSelector
2022-06-06 15:36:17,896 asyncio      DEBUG    Using selector: EpollSelector
2022-06-06 15:36:18,896 asyncio      DEBUG    Using selector: EpollSelector
2022-06-06 15:36:19,895 asyncio      DEBUG    Using selector: EpollSelector
2022-06-06 15:36:20,896 asyncio      DEBUG    Using selector: EpollSelector
2022-06-06 15:36:21,897 asyncio      DEBUG    Using selector: EpollSelector
2022-06-06 15:36:22,896 asyncio      DEBUG    Using selector: EpollSelector
2022-06-06 15:36:23,896 asyncio      DEBUG    Using selector: EpollSelector
2022-06-06 15:36:24,897 asyncio      DEBUG    Using selector: EpollSelector
2022-06-06 15:36:25,899 asyncio      DEBUG    Using selector: EpollSelector
2022-06-06 15:36:26,895 asyncio      DEBUG    Using selector: EpollSelector
2022-06-06 15:36:27,896 asyncio      DEBUG    Using selector: EpollSelector
2022-06-06 15:36:28,896 asyncio      DEBUG    Using selector: EpollSelector
2022-06-06 15:36:29,895 asyncio      DEBUG    Using selector: EpollSelector
2022-06-06 15:36:30,896 asyncio      DEBUG    Using selector: EpollSelector
2022-06-06 15:36:31,897 asyncio      DEBUG    Using selector: EpollSelector
2022-06-06 15:36:32,897 asyncio      DEBUG    Using selector: EpollSelector
2022-06-06 15:36:33,897 asyncio      DEBUG    Using selector: EpollSelector
2022-06-06 15:36:34,896 asyncio      DEBUG    Using selector: EpollSelector
2022-06-06 15:36:35,897 asyncio      DEBUG    Using selector: EpollSelector
2022-06-06 15:36:36,897 asyncio      DEBUG    Using selector: EpollSelector
2022-06-06 15:36:37,896 asyncio      DEBUG    Using selector: EpollSelector
2022-06-06 15:36:38,896 asyncio      DEBUG    Using selector: EpollSelector
2022-06-06 15:36:39,896 asyncio      DEBUG    Using selector: EpollSelector
2022-06-06 15:36:40,896 asyncio      DEBUG    Using selector: EpollSelector
2022-06-06 15:36:41,896 asyncio      DEBUG    Using selector: EpollSelector
2022-06-06 15:36:42,895 asyncio      DEBUG    Using selector: EpollSelector
2022-06-06 15:36:43,895 asyncio      DEBUG    Using selector: EpollSelector
2022-06-06 15:36:44,895 asyncio      DEBUG    Using selector: EpollSelector
2022-06-06 15:36:45,895 asyncio      DEBUG    Using selector: EpollSelector
2022-06-06 15:36:46,895 asyncio      DEBUG    Using selector: EpollSelector
2022-06-06 15:36:47,896 asyncio      DEBUG    Using selector: EpollSelector
2022-06-06 15:36:48,897 asyncio      DEBUG    Using selector: EpollSelector
2022-06-06 15:36:49,898 asyncio      DEBUG    Using selector: EpollSelector
2022-06-06 15:36:50,896 asyncio      DEBUG    Using selector: EpollSelector
2022-06-06 15:36:51,898 asyncio      DEBUG    Using selector: EpollSelector
2022-06-06 15:36:52,898 asyncio      DEBUG    Using selector: EpollSelector
2022-06-06 15:36:53,896 asyncio      DEBUG    Using selector: EpollSelector
2022-06-06 15:36:54,898 asyncio      DEBUG    Using selector: EpollSelector
2022-06-06 15:36:55,896 asyncio      DEBUG    Using selector: EpollSelector
2022-06-06 15:36:56,896 asyncio      DEBUG    Using selector: EpollSelector
2022-06-06 15:36:57,896 asyncio      DEBUG    Using selector: EpollSelector
2022-06-06 15:36:58,895 asyncio      DEBUG    Using selector: EpollSelector
2022-06-06 15:36:59,900 asyncio      DEBUG    Using selector: EpollSelector
2022-06-06 15:37:00,896 asyncio      DEBUG    Using selector: EpollSelector
2022-06-06 15:37:01,896 asyncio      DEBUG    Using selector: EpollSelector
2022-06-06 15:37:02,898 asyncio      DEBUG    Using selector: EpollSelector
2022-06-06 15:37:03,898 asyncio      DEBUG    Using selector: EpollSelector
2022-06-06 15:37:04,895 asyncio      DEBUG    Using selector: EpollSelector
2022-06-06 15:37:05,895 asyncio      DEBUG    Using selector: EpollSelector
2022-06-06 15:37:06,896 asyncio      DEBUG    Using selector: EpollSelector
2022-06-06 15:37:07,896 asyncio      DEBUG    Using selector: EpollSelector
2022-06-06 15:37:08,896 asyncio      DEBUG    Using selector: EpollSelector
2022-06-06 15:37:09,898 asyncio      DEBUG    Using selector: EpollSelector
2022-06-06 15:37:10,897 asyncio      DEBUG    Using selector: EpollSelector
2022-06-06 15:37:11,899 asyncio      DEBUG    Using selector: EpollSelector
2022-06-06 15:37:12,898 asyncio      DEBUG    Using selector: EpollSelector
2022-06-06 15:37:13,899 asyncio      DEBUG    Using selector: EpollSelector
2022-06-06 15:37:14,898 asyncio      DEBUG    Using selector: EpollSelector
2022-06-06 15:37:15,900 asyncio      DEBUG    Using selector: EpollSelector
2022-06-06 15:37:16,898 asyncio      DEBUG    Using selector: EpollSelector
2022-06-06 15:37:17,899 asyncio      DEBUG    Using selector: EpollSelector
2022-06-06 15:37:18,898 asyncio      DEBUG    Using selector: EpollSelector
2022-06-06 15:37:19,897 asyncio      DEBUG    Using selector: EpollSelector
2022-06-06 15:37:20,897 asyncio      DEBUG    Using selector: EpollSelector
2022-06-06 15:37:21,898 asyncio      DEBUG    Using selector: EpollSelector
2022-06-06 15:37:22,898 asyncio      DEBUG    Using selector: EpollSelector
2022-06-06 15:37:23,898 asyncio      DEBUG    Using selector: EpollSelector
2022-06-06 15:37:24,895 asyncio      DEBUG    Using selector: EpollSelector
2022-06-06 15:37:25,898 asyncio      DEBUG    Using selector: EpollSelector
2022-06-06 15:37:26,898 asyncio      DEBUG    Using selector: EpollSelector
2022-06-06 15:37:27,898 asyncio      DEBUG    Using selector: EpollSelector
2022-06-06 15:37:28,896 asyncio      DEBUG    Using selector: EpollSelector
2022-06-06 15:37:29,898 asyncio      DEBUG    Using selector: EpollSelector
2022-06-06 15:37:30,899 asyncio      DEBUG    Using selector: EpollSelector
2022-06-06 15:37:31,896 asyncio      DEBUG    Using selector: EpollSelector
2022-06-06 15:37:32,896 asyncio      DEBUG    Using selector: EpollSelector
2022-06-06 15:37:33,897 asyncio      DEBUG    Using selector: EpollSelector
2022-06-06 15:37:34,896 asyncio      DEBUG    Using selector: EpollSelector
2022-06-06 15:37:35,897 asyncio      DEBUG    Using selector: EpollSelector
2022-06-06 15:37:36,897 asyncio      DEBUG    Using selector: EpollSelector
2022-06-06 15:37:37,895 asyncio      DEBUG    Using selector: EpollSelector
2022-06-06 15:37:38,895 asyncio      DEBUG    Using selector: EpollSelector
2022-06-06 15:37:39,895 asyncio      DEBUG    Using selector: EpollSelector
2022-06-06 15:37:40,898 asyncio      DEBUG    Using selector: EpollSelector
2022-06-06 15:37:41,898 asyncio      DEBUG    Using selector: EpollSelector
2022-06-06 15:37:42,899 asyncio      DEBUG    Using selector: EpollSelector
2022-06-06 15:37:43,897 asyncio      DEBUG    Using selector: EpollSelector
2022-06-06 15:37:44,896 asyncio      DEBUG    Using selector: EpollSelector
2022-06-06 15:37:45,896 asyncio      DEBUG    Using selector: EpollSelector
2022-06-06 15:37:46,898 asyncio      DEBUG    Using selector: EpollSelector
2022-06-06 15:37:47,896 asyncio      DEBUG    Using selector: EpollSelector
2022-06-06 15:37:48,895 asyncio      DEBUG    Using selector: EpollSelector
2022-06-06 15:37:49,896 asyncio      DEBUG    Using selector: EpollSelector
2022-06-06 15:37:50,898 asyncio      DEBUG    Using selector: EpollSelector
2022-06-06 15:37:51,898 asyncio      DEBUG    Using selector: EpollSelector
2022-06-06 15:37:52,895 asyncio      DEBUG    Using selector: EpollSelector
2022-06-06 15:37:53,898 asyncio      DEBUG    Using selector: EpollSelector
2022-06-06 15:37:54,895 asyncio      DEBUG    Using selector: EpollSelector
2022-06-06 15:37:55,899 asyncio      DEBUG    Using selector: EpollSelector
2022-06-06 15:37:56,898 asyncio      DEBUG    Using selector: EpollSelector
2022-06-06 15:37:57,897 asyncio      DEBUG    Using selector: EpollSelector
2022-06-06 15:37:58,895 asyncio      DEBUG    Using selector: EpollSelector
2022-06-06 15:37:59,896 asyncio      DEBUG    Using selector: EpollSelector
2022-06-06 15:38:00,895 asyncio      DEBUG    Using selector: EpollSelector
2022-06-06 15:38:01,898 asyncio      DEBUG    Using selector: EpollSelector
2022-06-06 15:38:02,899 asyncio      DEBUG    Using selector: EpollSelector
2022-06-06 15:38:03,898 asyncio      DEBUG    Using selector: EpollSelector
2022-06-06 15:38:04,897 asyncio      DEBUG    Using selector: EpollSelector
2022-06-06 15:38:05,895 asyncio      DEBUG    Using selector: EpollSelector
2022-06-06 15:38:06,895 asyncio      DEBUG    Using selector: EpollSelector
2022-06-06 15:38:07,896 asyncio      DEBUG    Using selector: EpollSelector
2022-06-06 15:38:08,895 asyncio      DEBUG    Using selector: EpollSelector
2022-06-06 15:38:09,895 asyncio      DEBUG    Using selector: EpollSelector
2022-06-06 15:38:10,898 asyncio      DEBUG    Using selector: EpollSelector
2022-06-06 15:38:11,895 asyncio      DEBUG    Using selector: EpollSelector
2022-06-06 15:38:12,897 asyncio      DEBUG    Using selector: EpollSelector
2022-06-06 15:38:13,898 asyncio      DEBUG    Using selector: EpollSelector
2022-06-06 15:38:14,896 asyncio      DEBUG    Using selector: EpollSelector
2022-06-06 15:38:15,899 asyncio      DEBUG    Using selector: EpollSelector
2022-06-06 15:38:16,898 asyncio      DEBUG    Using selector: EpollSelector
2022-06-06 15:38:17,895 asyncio      DEBUG    Using selector: EpollSelector
2022-06-06 15:38:18,899 asyncio      DEBUG    Using selector: EpollSelector
2022-06-06 15:38:19,895 asyncio      DEBUG    Using selector: EpollSelector
2022-06-06 15:38:20,897 asyncio      DEBUG    Using selector: EpollSelector
2022-06-06 15:38:21,895 asyncio      DEBUG    Using selector: EpollSelector
2022-06-06 15:38:22,898 asyncio      DEBUG    Using selector: EpollSelector
2022-06-06 15:38:23,896 asyncio      DEBUG    Using selector: EpollSelector
2022-06-06 15:38:24,898 asyncio      DEBUG    Using selector: EpollSelector
2022-06-06 15:38:25,895 asyncio      DEBUG    Using selector: EpollSelector
2022-06-06 15:38:26,899 asyncio      DEBUG    Using selector: EpollSelector
2022-06-06 15:38:27,898 asyncio      DEBUG    Using selector: EpollSelector
2022-06-06 15:38:28,897 asyncio      DEBUG    Using selector: EpollSelector
2022-06-06 15:38:29,896 asyncio      DEBUG    Using selector: EpollSelector
2022-06-06 15:38:30,895 asyncio      DEBUG    Using selector: EpollSelector
2022-06-06 15:38:31,896 asyncio      DEBUG    Using selector: EpollSelector
2022-06-06 15:38:32,895 asyncio      DEBUG    Using selector: EpollSelector
2022-06-06 15:38:33,896 asyncio      DEBUG    Using selector: EpollSelector
2022-06-06 15:38:34,897 asyncio      DEBUG    Using selector: EpollSelector
2022-06-06 15:38:35,895 asyncio      DEBUG    Using selector: EpollSelector
2022-06-06 15:38:36,896 asyncio      DEBUG    Using selector: EpollSelector
2022-06-06 15:38:37,895 asyncio      DEBUG    Using selector: EpollSelector
2022-06-06 15:38:38,895 asyncio      DEBUG    Using selector: EpollSelector
2022-06-06 15:38:39,895 asyncio      DEBUG    Using selector: EpollSelector
2022-06-06 15:38:40,895 asyncio      DEBUG    Using selector: EpollSelector
2022-06-06 15:38:41,897 asyncio      DEBUG    Using selector: EpollSelector
2022-06-06 15:38:42,896 asyncio      DEBUG    Using selector: EpollSelector
2022-06-06 15:38:43,895 asyncio      DEBUG    Using selector: EpollSelector
2022-06-06 15:38:44,894 asyncio      DEBUG    Using selector: EpollSelector
2022-06-06 15:38:45,895 asyncio      DEBUG    Using selector: EpollSelector
2022-06-06 15:38:46,894 asyncio      DEBUG    Using selector: EpollSelector
2022-06-06 15:38:47,895 asyncio      DEBUG    Using selector: EpollSelector
2022-06-06 15:38:48,896 asyncio      DEBUG    Using selector: EpollSelector
2022-06-06 15:38:49,896 asyncio      DEBUG    Using selector: EpollSelector
2022-06-06 15:38:50,895 asyncio      DEBUG    Using selector: EpollSelector
2022-06-06 15:38:51,895 asyncio      DEBUG    Using selector: EpollSelector
2022-06-06 15:38:52,895 asyncio      DEBUG    Using selector: EpollSelector
2022-06-06 15:38:53,896 asyncio      DEBUG    Using selector: EpollSelector
2022-06-06 15:38:54,894 asyncio      DEBUG    Using selector: EpollSelector
2022-06-06 15:38:55,895 asyncio      DEBUG    Using selector: EpollSelector
2022-06-06 15:38:56,895 asyncio      DEBUG    Using selector: EpollSelector
2022-06-06 15:38:57,895 asyncio      DEBUG    Using selector: EpollSelector
2022-06-06 15:38:58,896 asyncio      DEBUG    Using selector: EpollSelector
2022-06-06 15:38:59,895 asyncio      DEBUG    Using selector: EpollSelector
2022-06-06 15:39:00,895 asyncio      DEBUG    Using selector: EpollSelector
2022-06-06 15:39:01,895 asyncio      DEBUG    Using selector: EpollSelector
2022-06-06 15:39:02,895 asyncio      DEBUG    Using selector: EpollSelector
2022-06-06 15:39:03,895 asyncio      DEBUG    Using selector: EpollSelector
2022-06-06 15:39:04,895 asyncio      DEBUG    Using selector: EpollSelector
2022-06-06 15:39:05,895 asyncio      DEBUG    Using selector: EpollSelector
2022-06-06 15:39:06,895 asyncio      DEBUG    Using selector: EpollSelector
2022-06-06 15:39:07,895 asyncio      DEBUG    Using selector: EpollSelector
2022-06-06 15:39:08,895 asyncio      DEBUG    Using selector: EpollSelector
2022-06-06 15:39:09,897 asyncio      DEBUG    Using selector: EpollSelector
2022-06-06 15:39:10,895 asyncio      DEBUG    Using selector: EpollSelector
2022-06-06 15:39:11,895 asyncio      DEBUG    Using selector: EpollSelector
2022-06-06 15:39:12,896 asyncio      DEBUG    Using selector: EpollSelector
2022-06-06 15:39:13,895 asyncio      DEBUG    Using selector: EpollSelector
2022-06-06 15:39:14,895 asyncio      DEBUG    Using selector: EpollSelector
2022-06-06 15:39:15,896 asyncio      DEBUG    Using selector: EpollSelector
2022-06-06 15:39:16,895 asyncio      DEBUG    Using selector: EpollSelector
2022-06-06 15:39:17,894 asyncio      DEBUG    Using selector: EpollSelector
2022-06-06 15:39:18,894 asyncio      DEBUG    Using selector: EpollSelector
2022-06-06 15:39:19,895 asyncio      DEBUG    Using selector: EpollSelector
2022-06-06 15:39:20,896 asyncio      DEBUG    Using selector: EpollSelector
2022-06-06 15:39:21,896 asyncio      DEBUG    Using selector: EpollSelector
2022-06-06 15:39:22,895 asyncio      DEBUG    Using selector: EpollSelector
2022-06-06 15:39:23,895 asyncio      DEBUG    Using selector: EpollSelector
2022-06-06 15:39:24,896 asyncio      DEBUG    Using selector: EpollSelector
2022-06-06 15:39:25,896 asyncio      DEBUG    Using selector: EpollSelector
2022-06-06 15:39:26,896 asyncio      DEBUG    Using selector: EpollSelector
2022-06-06 15:39:27,895 asyncio      DEBUG    Using selector: EpollSelector
2022-06-06 15:39:28,895 asyncio      DEBUG    Using selector: EpollSelector
2022-06-06 15:39:29,896 asyncio      DEBUG    Using selector: EpollSelector
2022-06-06 15:39:30,895 asyncio      DEBUG    Using selector: EpollSelector
2022-06-06 15:39:31,895 asyncio      DEBUG    Using selector: EpollSelector
2022-06-06 15:39:32,895 asyncio      DEBUG    Using selector: EpollSelector
2022-06-06 15:39:33,894 asyncio      DEBUG    Using selector: EpollSelector
2022-06-06 15:39:34,895 asyncio      DEBUG    Using selector: EpollSelector
2022-06-06 15:39:35,895 asyncio      DEBUG    Using selector: EpollSelector
2022-06-06 15:39:36,895 asyncio      DEBUG    Using selector: EpollSelector
2022-06-06 15:39:37,895 asyncio      DEBUG    Using selector: EpollSelector
2022-06-06 15:39:38,895 asyncio      DEBUG    Using selector: EpollSelector
2022-06-06 15:39:39,896 asyncio      DEBUG    Using selector: EpollSelector
2022-06-06 15:39:40,897 asyncio      DEBUG    Using selector: EpollSelector
2022-06-06 15:39:41,895 asyncio      DEBUG    Using selector: EpollSelector
2022-06-06 15:39:42,896 asyncio      DEBUG    Using selector: EpollSelector
2022-06-06 15:39:43,895 asyncio      DEBUG    Using selector: EpollSelector
2022-06-06 15:39:44,896 asyncio      DEBUG    Using selector: EpollSelector
2022-06-06 15:39:45,895 asyncio      DEBUG    Using selector: EpollSelector
2022-06-06 15:39:46,895 asyncio      DEBUG    Using selector: EpollSelector
2022-06-06 15:39:47,895 asyncio      DEBUG    Using selector: EpollSelector
2022-06-06 15:39:48,896 asyncio      DEBUG    Using selector: EpollSelector
2022-06-06 15:39:49,896 asyncio      DEBUG    Using selector: EpollSelector
2022-06-06 15:39:50,895 asyncio      DEBUG    Using selector: EpollSelector
2022-06-06 15:39:51,895 asyncio      DEBUG    Using selector: EpollSelector
2022-06-06 15:39:52,895 asyncio      DEBUG    Using selector: EpollSelector
2022-06-06 15:39:53,895 asyncio      DEBUG    Using selector: EpollSelector
2022-06-06 15:39:54,895 asyncio      DEBUG    Using selector: EpollSelector
2022-06-06 15:39:55,895 asyncio      DEBUG    Using selector: EpollSelector
2022-06-06 15:39:56,895 asyncio      DEBUG    Using selector: EpollSelector
2022-06-06 15:39:57,895 asyncio      DEBUG    Using selector: EpollSelector
2022-06-06 15:39:58,895 asyncio      DEBUG    Using selector: EpollSelector
2022-06-06 15:39:59,895 asyncio      DEBUG    Using selector: EpollSelector
2022-06-06 15:40:00,895 asyncio      DEBUG    Using selector: EpollSelector
2022-06-06 15:40:01,895 asyncio      DEBUG    Using selector: EpollSelector
2022-06-06 15:40:02,895 asyncio      DEBUG    Using selector: EpollSelector
2022-06-06 15:40:03,895 asyncio      DEBUG    Using selector: EpollSelector
2022-06-06 15:40:04,896 asyncio      DEBUG    Using selector: EpollSelector
2022-06-06 15:40:05,895 asyncio      DEBUG    Using selector: EpollSelector
2022-06-06 15:40:06,895 asyncio      DEBUG    Using selector: EpollSelector
2022-06-06 15:40:07,896 asyncio      DEBUG    Using selector: EpollSelector
2022-06-06 15:40:08,895 asyncio      DEBUG    Using selector: EpollSelector
2022-06-06 15:40:09,895 asyncio      DEBUG    Using selector: EpollSelector
2022-06-06 15:40:10,895 asyncio      DEBUG    Using selector: EpollSelector
2022-06-06 15:40:11,894 asyncio      DEBUG    Using selector: EpollSelector
2022-06-06 15:40:12,895 asyncio      DEBUG    Using selector: EpollSelector
2022-06-06 15:40:13,896 asyncio      DEBUG    Using selector: EpollSelector
2022-06-06 15:40:14,897 asyncio      DEBUG    Using selector: EpollSelector
2022-06-06 15:40:15,898 asyncio      DEBUG    Using selector: EpollSelector
2022-06-06 15:40:16,898 asyncio      DEBUG    Using selector: EpollSelector
2022-06-06 15:40:17,899 asyncio      DEBUG    Using selector: EpollSelector
2022-06-06 15:40:18,898 asyncio      DEBUG    Using selector: EpollSelector
2022-06-06 15:40:19,895 asyncio      DEBUG    Using selector: EpollSelector
2022-06-06 15:40:20,895 asyncio      DEBUG    Using selector: EpollSelector
2022-06-06 15:40:21,896 asyncio      DEBUG    Using selector: EpollSelector
2022-06-06 15:40:22,897 asyncio      DEBUG    Using selector: EpollSelector
2022-06-06 15:40:23,897 asyncio      DEBUG    Using selector: EpollSelector
2022-06-06 15:40:24,898 asyncio      DEBUG    Using selector: EpollSelector
2022-06-06 15:40:25,898 asyncio      DEBUG    Using selector: EpollSelector
2022-06-06 15:40:26,897 asyncio      DEBUG    Using selector: EpollSelector
2022-06-06 15:40:27,897 asyncio      DEBUG    Using selector: EpollSelector
2022-06-06 15:40:28,896 asyncio      DEBUG    Using selector: EpollSelector
2022-06-06 15:40:29,898 asyncio      DEBUG    Using selector: EpollSelector
2022-06-06 15:40:30,897 asyncio      DEBUG    Using selector: EpollSelector
2022-06-06 15:40:31,897 asyncio      DEBUG    Using selector: EpollSelector
2022-06-06 15:40:32,897 asyncio      DEBUG    Using selector: EpollSelector
2022-06-06 15:40:33,897 asyncio      DEBUG    Using selector: EpollSelector
2022-06-06 15:40:34,897 asyncio      DEBUG    Using selector: EpollSelector
2022-06-06 15:40:35,897 asyncio      DEBUG    Using selector: EpollSelector
2022-06-06 15:40:36,898 asyncio      DEBUG    Using selector: EpollSelector
2022-06-06 15:40:37,896 asyncio      DEBUG    Using selector: EpollSelector
2022-06-06 15:40:38,898 asyncio      DEBUG    Using selector: EpollSelector
2022-06-06 15:40:39,898 asyncio      DEBUG    Using selector: EpollSelector
2022-06-06 15:40:40,897 asyncio      DEBUG    Using selector: EpollSelector
2022-06-06 15:40:41,897 asyncio      DEBUG    Using selector: EpollSelector
2022-06-06 15:40:42,897 asyncio      DEBUG    Using selector: EpollSelector
2022-06-06 15:40:43,898 asyncio      DEBUG    Using selector: EpollSelector
2022-06-06 15:40:44,898 asyncio      DEBUG    Using selector: EpollSelector
2022-06-06 15:40:45,900 asyncio      DEBUG    Using selector: EpollSelector
2022-06-06 15:40:46,898 asyncio      DEBUG    Using selector: EpollSelector
2022-06-06 15:40:47,909 asyncio      DEBUG    Using selector: EpollSelector
2022-06-06 15:40:48,901 asyncio      DEBUG    Using selector: EpollSelector
2022-06-06 15:40:49,897 asyncio      DEBUG    Using selector: EpollSelector
2022-06-06 15:40:50,897 asyncio      DEBUG    Using selector: EpollSelector
2022-06-06 15:40:51,897 asyncio      DEBUG    Using selector: EpollSelector
2022-06-06 15:40:52,898 asyncio      DEBUG    Using selector: EpollSelector
2022-06-06 15:40:53,895 asyncio      DEBUG    Using selector: EpollSelector
2022-06-06 15:40:54,895 asyncio      DEBUG    Using selector: EpollSelector
2022-06-06 15:40:55,896 asyncio      DEBUG    Using selector: EpollSelector
2022-06-06 15:40:56,896 asyncio      DEBUG    Using selector: EpollSelector
2022-06-06 15:40:57,895 asyncio      DEBUG    Using selector: EpollSelector
2022-06-06 15:40:58,896 asyncio      DEBUG    Using selector: EpollSelector
2022-06-06 15:40:59,895 asyncio      DEBUG    Using selector: EpollSelector
2022-06-06 15:41:00,896 asyncio      DEBUG    Using selector: EpollSelector
2022-06-06 15:41:01,895 asyncio      DEBUG    Using selector: EpollSelector
2022-06-06 15:41:02,896 asyncio      DEBUG    Using selector: EpollSelector
2022-06-06 15:41:03,898 asyncio      DEBUG    Using selector: EpollSelector
2022-06-06 15:41:04,896 asyncio      DEBUG    Using selector: EpollSelector
2022-06-06 15:41:05,897 asyncio      DEBUG    Using selector: EpollSelector
2022-06-06 15:41:06,897 asyncio      DEBUG    Using selector: EpollSelector
2022-06-06 15:41:07,901 asyncio      DEBUG    Using selector: EpollSelector
2022-06-06 15:41:08,899 asyncio      DEBUG    Using selector: EpollSelector
2022-06-06 15:41:09,895 asyncio      DEBUG    Using selector: EpollSelector
2022-06-06 15:41:10,896 asyncio      DEBUG    Using selector: EpollSelector
2022-06-06 15:41:11,895 asyncio      DEBUG    Using selector: EpollSelector
2022-06-06 15:41:12,895 asyncio      DEBUG    Using selector: EpollSelector
2022-06-06 15:41:13,895 asyncio      DEBUG    Using selector: EpollSelector
2022-06-06 15:41:14,897 asyncio      DEBUG    Using selector: EpollSelector
2022-06-06 15:41:15,896 asyncio      DEBUG    Using selector: EpollSelector
2022-06-06 15:41:16,896 asyncio      DEBUG    Using selector: EpollSelector
2022-06-06 15:41:17,895 asyncio      DEBUG    Using selector: EpollSelector
2022-06-06 15:41:18,895 asyncio      DEBUG    Using selector: EpollSelector
2022-06-06 15:41:19,897 asyncio      DEBUG    Using selector: EpollSelector
2022-06-06 15:41:20,897 asyncio      DEBUG    Using selector: EpollSelector
2022-06-06 15:41:21,896 asyncio      DEBUG    Using selector: EpollSelector
2022-06-06 15:41:22,899 asyncio      DEBUG    Using selector: EpollSelector
2022-06-06 15:41:23,897 asyncio      DEBUG    Using selector: EpollSelector
2022-06-06 15:41:24,897 asyncio      DEBUG    Using selector: EpollSelector
2022-06-06 15:41:25,896 asyncio      DEBUG    Using selector: EpollSelector
2022-06-06 15:41:26,897 asyncio      DEBUG    Using selector: EpollSelector
2022-06-06 15:41:27,899 asyncio      DEBUG    Using selector: EpollSelector
2022-06-06 15:41:28,897 asyncio      DEBUG    Using selector: EpollSelector
2022-06-06 15:41:29,902 asyncio      DEBUG    Using selector: EpollSelector
2022-06-06 15:41:30,896 asyncio      DEBUG    Using selector: EpollSelector
2022-06-06 15:41:31,896 asyncio      DEBUG    Using selector: EpollSelector
2022-06-06 15:41:32,896 asyncio      DEBUG    Using selector: EpollSelector
2022-06-06 15:41:33,895 asyncio      DEBUG    Using selector: EpollSelector
2022-06-06 15:41:34,896 asyncio      DEBUG    Using selector: EpollSelector
2022-06-06 15:41:35,895 asyncio      DEBUG    Using selector: EpollSelector
2022-06-06 15:41:36,897 asyncio      DEBUG    Using selector: EpollSelector
2022-06-06 15:41:37,898 asyncio      DEBUG    Using selector: EpollSelector
2022-06-06 15:41:38,899 asyncio      DEBUG    Using selector: EpollSelector
2022-06-06 15:41:39,895 asyncio      DEBUG    Using selector: EpollSelector
2022-06-06 15:41:40,896 asyncio      DEBUG    Using selector: EpollSelector
2022-06-06 15:41:41,895 asyncio      DEBUG    Using selector: EpollSelector
2022-06-06 15:41:42,895 asyncio      DEBUG    Using selector: EpollSelector
2022-06-06 15:41:43,896 asyncio      DEBUG    Using selector: EpollSelector
2022-06-06 15:41:44,895 asyncio      DEBUG    Using selector: EpollSelector
2022-06-06 15:41:45,897 asyncio      DEBUG    Using selector: EpollSelector
2022-06-06 15:41:46,895 asyncio      DEBUG    Using selector: EpollSelector
2022-06-06 15:41:47,895 asyncio      DEBUG    Using selector: EpollSelector
2022-06-06 15:41:48,894 asyncio      DEBUG    Using selector: EpollSelector
2022-06-06 15:41:49,895 asyncio      DEBUG    Using selector: EpollSelector
2022-06-06 15:41:50,896 asyncio      DEBUG    Using selector: EpollSelector
2022-06-06 15:41:51,896 asyncio      DEBUG    Using selector: EpollSelector
2022-06-06 15:41:52,895 asyncio      DEBUG    Using selector: EpollSelector
2022-06-06 15:41:53,897 asyncio      DEBUG    Using selector: EpollSelector
2022-06-06 15:41:54,897 asyncio      DEBUG    Using selector: EpollSelector
2022-06-06 15:41:55,899 asyncio      DEBUG    Using selector: EpollSelector
2022-06-06 15:41:56,894 asyncio      DEBUG    Using selector: EpollSelector
2022-06-06 15:41:57,895 asyncio      DEBUG    Using selector: EpollSelector
2022-06-06 15:41:58,897 asyncio      DEBUG    Using selector: EpollSelector
2022-06-06 15:41:59,897 asyncio      DEBUG    Using selector: EpollSelector
2022-06-06 15:42:00,897 asyncio      DEBUG    Using selector: EpollSelector
2022-06-06 15:42:01,898 asyncio      DEBUG    Using selector: EpollSelector
2022-06-06 15:42:02,895 asyncio      DEBUG    Using selector: EpollSelector
2022-06-06 15:42:03,899 asyncio      DEBUG    Using selector: EpollSelector
2022-06-06 15:42:04,899 asyncio      DEBUG    Using selector: EpollSelector
2022-06-06 15:42:05,898 asyncio      DEBUG    Using selector: EpollSelector
2022-06-06 15:42:06,899 asyncio      DEBUG    Using selector: EpollSelector
2022-06-06 15:42:07,898 asyncio      DEBUG    Using selector: EpollSelector
2022-06-06 15:42:08,895 asyncio      DEBUG    Using selector: EpollSelector
2022-06-06 15:42:09,898 asyncio      DEBUG    Using selector: EpollSelector
2022-06-06 15:42:10,897 asyncio      DEBUG    Using selector: EpollSelector
2022-06-06 15:42:11,897 asyncio      DEBUG    Using selector: EpollSelector
2022-06-06 15:42:12,898 asyncio      DEBUG    Using selector: EpollSelector
2022-06-06 15:42:13,897 asyncio      DEBUG    Using selector: EpollSelector
2022-06-06 15:42:14,896 asyncio      DEBUG    Using selector: EpollSelector
2022-06-06 15:42:15,897 asyncio      DEBUG    Using selector: EpollSelector
2022-06-06 15:42:16,897 asyncio      DEBUG    Using selector: EpollSelector
2022-06-06 15:42:17,895 asyncio      DEBUG    Using selector: EpollSelector
2022-06-06 15:42:18,898 asyncio      DEBUG    Using selector: EpollSelector
2022-06-06 15:42:19,896 asyncio      DEBUG    Using selector: EpollSelector
2022-06-06 15:42:20,894 asyncio      DEBUG    Using selector: EpollSelector
2022-06-06 15:42:21,896 asyncio      DEBUG    Using selector: EpollSelector
2022-06-06 15:42:22,898 asyncio      DEBUG    Using selector: EpollSelector
2022-06-06 15:42:23,897 asyncio      DEBUG    Using selector: EpollSelector
2022-06-06 15:42:24,896 asyncio      DEBUG    Using selector: EpollSelector
2022-06-06 15:42:25,897 asyncio      DEBUG    Using selector: EpollSelector
2022-06-06 15:42:26,897 asyncio      DEBUG    Using selector: EpollSelector
2022-06-06 15:42:27,897 asyncio      DEBUG    Using selector: EpollSelector
2022-06-06 15:42:28,898 asyncio      DEBUG    Using selector: EpollSelector
2022-06-06 15:42:29,895 asyncio      DEBUG    Using selector: EpollSelector
2022-06-06 15:42:30,895 asyncio      DEBUG    Using selector: EpollSelector
2022-06-06 15:42:31,895 asyncio      DEBUG    Using selector: EpollSelector
2022-06-06 15:42:32,895 asyncio      DEBUG    Using selector: EpollSelector
2022-06-06 15:42:33,896 asyncio      DEBUG    Using selector: EpollSelector
2022-06-06 15:42:34,895 asyncio      DEBUG    Using selector: EpollSelector
2022-06-06 15:42:35,895 asyncio      DEBUG    Using selector: EpollSelector
2022-06-06 15:42:36,898 asyncio      DEBUG    Using selector: EpollSelector
2022-06-06 15:42:37,897 asyncio      DEBUG    Using selector: EpollSelector
2022-06-06 15:42:38,897 asyncio      DEBUG    Using selector: EpollSelector
2022-06-06 15:42:39,897 asyncio      DEBUG    Using selector: EpollSelector
2022-06-06 15:42:40,898 asyncio      DEBUG    Using selector: EpollSelector
2022-06-06 15:42:41,897 asyncio      DEBUG    Using selector: EpollSelector
2022-06-06 15:42:42,897 asyncio      DEBUG    Using selector: EpollSelector
2022-06-06 15:42:43,898 asyncio      DEBUG    Using selector: EpollSelector
2022-06-06 15:42:44,898 asyncio      DEBUG    Using selector: EpollSelector
2022-06-06 15:42:45,898 asyncio      DEBUG    Using selector: EpollSelector
2022-06-06 15:42:46,897 asyncio      DEBUG    Using selector: EpollSelector
2022-06-06 15:42:47,895 asyncio      DEBUG    Using selector: EpollSelector
2022-06-06 15:42:48,897 asyncio      DEBUG    Using selector: EpollSelector
2022-06-06 15:42:49,897 asyncio      DEBUG    Using selector: EpollSelector
2022-06-06 15:42:50,897 asyncio      DEBUG    Using selector: EpollSelector
2022-06-06 15:42:51,899 asyncio      DEBUG    Using selector: EpollSelector
2022-06-06 15:42:52,896 asyncio      DEBUG    Using selector: EpollSelector
2022-06-06 15:42:53,897 asyncio      DEBUG    Using selector: EpollSelector
2022-06-06 15:42:54,898 asyncio      DEBUG    Using selector: EpollSelector
2022-06-06 15:42:55,899 asyncio      DEBUG    Using selector: EpollSelector
2022-06-06 15:42:56,898 asyncio      DEBUG    Using selector: EpollSelector
2022-06-06 15:42:57,898 asyncio      DEBUG    Using selector: EpollSelector
2022-06-06 15:42:58,899 asyncio      DEBUG    Using selector: EpollSelector
2022-06-06 15:42:59,898 asyncio      DEBUG    Using selector: EpollSelector
2022-06-06 15:43:00,897 asyncio      DEBUG    Using selector: EpollSelector
2022-06-06 15:43:01,895 asyncio      DEBUG    Using selector: EpollSelector
2022-06-06 15:43:02,895 asyncio      DEBUG    Using selector: EpollSelector
2022-06-06 15:43:03,895 asyncio      DEBUG    Using selector: EpollSelector
2022-06-06 15:43:04,895 asyncio      DEBUG    Using selector: EpollSelector
2022-06-06 15:43:05,897 asyncio      DEBUG    Using selector: EpollSelector
2022-06-06 15:43:06,897 asyncio      DEBUG    Using selector: EpollSelector
2022-06-06 15:43:07,897 asyncio      DEBUG    Using selector: EpollSelector
2022-06-06 15:43:08,897 asyncio      DEBUG    Using selector: EpollSelector
2022-06-06 15:43:09,896 asyncio      DEBUG    Using selector: EpollSelector
2022-06-06 15:43:10,897 asyncio      DEBUG    Using selector: EpollSelector
2022-06-06 15:43:11,897 asyncio      DEBUG    Using selector: EpollSelector
2022-06-06 15:43:12,898 asyncio      DEBUG    Using selector: EpollSelector
2022-06-06 15:43:13,897 asyncio      DEBUG    Using selector: EpollSelector
2022-06-06 15:43:14,898 asyncio      DEBUG    Using selector: EpollSelector
2022-06-06 15:43:15,898 asyncio      DEBUG    Using selector: EpollSelector
2022-06-06 15:43:16,898 asyncio      DEBUG    Using selector: EpollSelector
2022-06-06 15:43:17,897 asyncio      DEBUG    Using selector: EpollSelector
2022-06-06 15:43:18,898 asyncio      DEBUG    Using selector: EpollSelector
2022-06-06 15:43:19,898 asyncio      DEBUG    Using selector: EpollSelector
2022-06-06 15:43:20,895 asyncio      DEBUG    Using selector: EpollSelector
2022-06-06 15:43:21,898 asyncio      DEBUG    Using selector: EpollSelector
2022-06-06 15:43:22,898 asyncio      DEBUG    Using selector: EpollSelector
2022-06-06 15:43:23,899 asyncio      DEBUG    Using selector: EpollSelector
2022-06-06 15:43:24,897 asyncio      DEBUG    Using selector: EpollSelector
2022-06-06 15:43:25,897 asyncio      DEBUG    Using selector: EpollSelector
2022-06-06 15:43:26,900 asyncio      DEBUG    Using selector: EpollSelector
2022-06-06 15:43:27,899 asyncio      DEBUG    Using selector: EpollSelector
2022-06-06 15:43:28,897 asyncio      DEBUG    Using selector: EpollSelector
2022-06-06 15:43:29,897 asyncio      DEBUG    Using selector: EpollSelector
2022-06-06 15:43:30,896 asyncio      DEBUG    Using selector: EpollSelector
2022-06-06 15:43:31,899 asyncio      DEBUG    Using selector: EpollSelector
2022-06-06 15:43:32,897 asyncio      DEBUG    Using selector: EpollSelector
2022-06-06 15:43:33,898 asyncio      DEBUG    Using selector: EpollSelector
2022-06-06 15:43:34,897 asyncio      DEBUG    Using selector: EpollSelector
2022-06-06 15:43:35,897 asyncio      DEBUG    Using selector: EpollSelector
2022-06-06 15:43:36,898 asyncio      DEBUG    Using selector: EpollSelector
2022-06-06 15:43:37,898 asyncio      DEBUG    Using selector: EpollSelector
2022-06-06 15:43:38,897 asyncio      DEBUG    Using selector: EpollSelector
2022-06-06 15:43:39,897 asyncio      DEBUG    Using selector: EpollSelector
2022-06-06 15:43:40,898 asyncio      DEBUG    Using selector: EpollSelector
2022-06-06 15:43:41,898 asyncio      DEBUG    Using selector: EpollSelector
2022-06-06 15:43:42,898 asyncio      DEBUG    Using selector: EpollSelector
2022-06-06 15:43:43,898 asyncio      DEBUG    Using selector: EpollSelector
2022-06-06 15:43:44,897 asyncio      DEBUG    Using selector: EpollSelector
2022-06-06 15:43:45,898 asyncio      DEBUG    Using selector: EpollSelector
2022-06-06 15:43:46,899 asyncio      DEBUG    Using selector: EpollSelector
2022-06-06 15:43:47,898 asyncio      DEBUG    Using selector: EpollSelector
2022-06-06 15:43:48,895 asyncio      DEBUG    Using selector: EpollSelector
2022-06-06 15:43:49,897 asyncio      DEBUG    Using selector: EpollSelector
2022-06-06 15:43:50,897 asyncio      DEBUG    Using selector: EpollSelector
2022-06-06 15:43:51,896 asyncio      DEBUG    Using selector: EpollSelector
2022-06-06 15:43:52,895 asyncio      DEBUG    Using selector: EpollSelector
2022-06-06 15:43:53,898 asyncio      DEBUG    Using selector: EpollSelector
2022-06-06 15:43:54,896 asyncio      DEBUG    Using selector: EpollSelector
2022-06-06 15:43:55,898 asyncio      DEBUG    Using selector: EpollSelector
2022-06-06 15:43:56,898 asyncio      DEBUG    Using selector: EpollSelector
2022-06-06 15:43:57,897 asyncio      DEBUG    Using selector: EpollSelector
2022-06-06 15:43:58,899 asyncio      DEBUG    Using selector: EpollSelector
2022-06-06 15:43:59,898 asyncio      DEBUG    Using selector: EpollSelector
2022-06-06 15:44:00,898 asyncio      DEBUG    Using selector: EpollSelector
2022-06-06 15:44:01,898 asyncio      DEBUG    Using selector: EpollSelector
2022-06-06 15:44:02,898 asyncio      DEBUG    Using selector: EpollSelector
2022-06-06 15:44:03,895 asyncio      DEBUG    Using selector: EpollSelector
2022-06-06 15:44:04,897 asyncio      DEBUG    Using selector: EpollSelector
2022-06-06 15:44:05,897 asyncio      DEBUG    Using selector: EpollSelector
2022-06-06 15:44:06,897 asyncio      DEBUG    Using selector: EpollSelector
2022-06-06 15:44:07,899 asyncio      DEBUG    Using selector: EpollSelector
2022-06-06 15:44:08,897 asyncio      DEBUG    Using selector: EpollSelector
2022-06-06 15:44:09,899 asyncio      DEBUG    Using selector: EpollSelector
2022-06-06 15:44:10,896 asyncio      DEBUG    Using selector: EpollSelector
2022-06-06 15:44:11,897 asyncio      DEBUG    Using selector: EpollSelector
2022-06-06 15:44:12,901 asyncio      DEBUG    Using selector: EpollSelector
2022-06-06 15:44:13,898 asyncio      DEBUG    Using selector: EpollSelector
2022-06-06 15:44:14,899 asyncio      DEBUG    Using selector: EpollSelector
2022-06-06 15:44:15,897 asyncio      DEBUG    Using selector: EpollSelector
2022-06-06 15:44:16,897 asyncio      DEBUG    Using selector: EpollSelector
2022-06-06 15:44:17,897 asyncio      DEBUG    Using selector: EpollSelector
2022-06-06 15:44:18,899 asyncio      DEBUG    Using selector: EpollSelector
2022-06-06 15:44:19,898 asyncio      DEBUG    Using selector: EpollSelector
2022-06-06 15:44:20,899 asyncio      DEBUG    Using selector: EpollSelector
2022-06-06 15:44:21,897 asyncio      DEBUG    Using selector: EpollSelector
2022-06-06 15:44:22,898 asyncio      DEBUG    Using selector: EpollSelector
2022-06-06 15:44:23,898 asyncio      DEBUG    Using selector: EpollSelector
2022-06-06 15:44:24,897 asyncio      DEBUG    Using selector: EpollSelector
2022-06-06 15:44:25,898 asyncio      DEBUG    Using selector: EpollSelector
2022-06-06 15:44:26,901 asyncio      DEBUG    Using selector: EpollSelector
2022-06-06 15:44:27,899 asyncio      DEBUG    Using selector: EpollSelector
2022-06-06 15:44:28,896 asyncio      DEBUG    Using selector: EpollSelector
2022-06-06 15:44:29,898 asyncio      DEBUG    Using selector: EpollSelector
2022-06-06 15:44:30,897 asyncio      DEBUG    Using selector: EpollSelector
2022-06-06 15:44:31,897 asyncio      DEBUG    Using selector: EpollSelector
2022-06-06 15:44:32,898 asyncio      DEBUG    Using selector: EpollSelector
2022-06-06 15:44:33,898 asyncio      DEBUG    Using selector: EpollSelector
2022-06-06 15:44:34,898 asyncio      DEBUG    Using selector: EpollSelector
2022-06-06 15:44:35,899 asyncio      DEBUG    Using selector: EpollSelector
2022-06-06 15:44:36,897 asyncio      DEBUG    Using selector: EpollSelector
2022-06-06 15:44:37,898 asyncio      DEBUG    Using selector: EpollSelector
2022-06-06 15:44:38,899 asyncio      DEBUG    Using selector: EpollSelector
2022-06-06 15:44:39,898 asyncio      DEBUG    Using selector: EpollSelector
2022-06-06 15:44:40,899 asyncio      DEBUG    Using selector: EpollSelector
2022-06-06 15:44:41,898 asyncio      DEBUG    Using selector: EpollSelector
2022-06-06 15:44:42,898 asyncio      DEBUG    Using selector: EpollSelector
2022-06-06 15:44:43,898 asyncio      DEBUG    Using selector: EpollSelector
2022-06-06 15:44:44,898 asyncio      DEBUG    Using selector: EpollSelector
2022-06-06 15:44:45,897 asyncio      DEBUG    Using selector: EpollSelector
2022-06-06 15:44:46,899 asyncio      DEBUG    Using selector: EpollSelector
2022-06-06 15:44:47,895 asyncio      DEBUG    Using selector: EpollSelector
2022-06-06 15:44:48,897 asyncio      DEBUG    Using selector: EpollSelector
2022-06-06 15:44:49,898 asyncio      DEBUG    Using selector: EpollSelector
2022-06-06 15:44:50,901 asyncio      DEBUG    Using selector: EpollSelector
2022-06-06 15:44:51,899 asyncio      DEBUG    Using selector: EpollSelector
2022-06-06 15:44:52,899 asyncio      DEBUG    Using selector: EpollSelector
2022-06-06 15:44:53,897 asyncio      DEBUG    Using selector: EpollSelector
2022-06-06 15:44:54,896 asyncio      DEBUG    Using selector: EpollSelector
2022-06-06 15:44:55,901 asyncio      DEBUG    Using selector: EpollSelector
2022-06-06 15:44:56,897 asyncio      DEBUG    Using selector: EpollSelector
2022-06-06 15:44:57,899 asyncio      DEBUG    Using selector: EpollSelector
2022-06-06 15:44:58,897 asyncio      DEBUG    Using selector: EpollSelector
2022-06-06 15:44:59,897 asyncio      DEBUG    Using selector: EpollSelector
2022-06-06 15:45:00,900 asyncio      DEBUG    Using selector: EpollSelector
2022-06-06 15:45:01,898 asyncio      DEBUG    Using selector: EpollSelector
2022-06-06 15:45:02,898 asyncio      DEBUG    Using selector: EpollSelector
2022-06-06 15:45:03,897 asyncio      DEBUG    Using selector: EpollSelector
2022-06-06 15:45:04,898 asyncio      DEBUG    Using selector: EpollSelector
2022-06-06 15:45:05,898 asyncio      DEBUG    Using selector: EpollSelector
2022-06-06 15:45:06,898 asyncio      DEBUG    Using selector: EpollSelector
2022-06-06 15:45:07,898 asyncio      DEBUG    Using selector: EpollSelector
2022-06-06 15:45:08,897 asyncio      DEBUG    Using selector: EpollSelector
2022-06-06 15:45:09,896 asyncio      DEBUG    Using selector: EpollSelector
2022-06-06 15:45:10,897 asyncio      DEBUG    Using selector: EpollSelector
2022-06-06 15:45:11,899 asyncio      DEBUG    Using selector: EpollSelector
2022-06-06 15:45:12,897 asyncio      DEBUG    Using selector: EpollSelector
2022-06-06 15:45:13,898 asyncio      DEBUG    Using selector: EpollSelector
2022-06-06 15:45:14,898 asyncio      DEBUG    Using selector: EpollSelector
2022-06-06 15:45:15,895 asyncio      DEBUG    Using selector: EpollSelector
2022-06-06 15:45:16,897 asyncio      DEBUG    Using selector: EpollSelector
2022-06-06 15:45:17,899 asyncio      DEBUG    Using selector: EpollSelector
2022-06-06 15:45:18,898 asyncio      DEBUG    Using selector: EpollSelector
2022-06-06 15:45:19,898 asyncio      DEBUG    Using selector: EpollSelector
2022-06-06 15:45:20,896 asyncio      DEBUG    Using selector: EpollSelector
2022-06-06 15:45:21,898 asyncio      DEBUG    Using selector: EpollSelector
2022-06-06 15:45:22,898 asyncio      DEBUG    Using selector: EpollSelector
2022-06-06 15:45:23,897 asyncio      DEBUG    Using selector: EpollSelector
2022-06-06 15:45:24,899 asyncio      DEBUG    Using selector: EpollSelector
2022-06-06 15:45:25,899 asyncio      DEBUG    Using selector: EpollSelector
2022-06-06 15:45:26,897 asyncio      DEBUG    Using selector: EpollSelector
2022-06-06 15:45:27,898 asyncio      DEBUG    Using selector: EpollSelector
2022-06-06 15:45:28,900 asyncio      DEBUG    Using selector: EpollSelector
2022-06-06 15:45:29,898 asyncio      DEBUG    Using selector: EpollSelector
2022-06-06 15:45:30,897 asyncio      DEBUG    Using selector: EpollSelector
2022-06-06 15:45:31,897 asyncio      DEBUG    Using selector: EpollSelector
2022-06-06 15:45:32,900 asyncio      DEBUG    Using selector: EpollSelector
2022-06-06 15:45:33,895 asyncio      DEBUG    Using selector: EpollSelector
2022-06-06 15:45:34,897 asyncio      DEBUG    Using selector: EpollSelector
2022-06-06 15:45:35,898 asyncio      DEBUG    Using selector: EpollSelector
2022-06-06 15:45:36,898 asyncio      DEBUG    Using selector: EpollSelector
2022-06-06 15:45:37,899 asyncio      DEBUG    Using selector: EpollSelector
2022-06-06 15:45:38,898 asyncio      DEBUG    Using selector: EpollSelector
2022-06-06 15:45:39,897 asyncio      DEBUG    Using selector: EpollSelector
2022-06-06 15:45:40,899 asyncio      DEBUG    Using selector: EpollSelector
2022-06-06 15:45:41,900 asyncio      DEBUG    Using selector: EpollSelector
2022-06-06 15:45:42,897 asyncio      DEBUG    Using selector: EpollSelector
2022-06-06 15:45:43,895 asyncio      DEBUG    Using selector: EpollSelector
2022-06-06 15:45:44,895 asyncio      DEBUG    Using selector: EpollSelector
2022-06-06 15:45:45,900 asyncio      DEBUG    Using selector: EpollSelector
2022-06-06 15:45:46,899 asyncio      DEBUG    Using selector: EpollSelector
2022-06-06 15:45:47,899 asyncio      DEBUG    Using selector: EpollSelector
2022-06-06 15:45:48,898 asyncio      DEBUG    Using selector: EpollSelector
2022-06-06 15:45:49,901 asyncio      DEBUG    Using selector: EpollSelector
2022-06-06 15:45:50,898 asyncio      DEBUG    Using selector: EpollSelector
2022-06-06 15:45:51,898 asyncio      DEBUG    Using selector: EpollSelector
2022-06-06 15:45:52,897 asyncio      DEBUG    Using selector: EpollSelector
2022-06-06 15:45:53,901 asyncio      DEBUG    Using selector: EpollSelector
2022-06-06 15:45:54,898 asyncio      DEBUG    Using selector: EpollSelector
2022-06-06 15:45:55,897 asyncio      DEBUG    Using selector: EpollSelector
2022-06-06 15:45:56,900 asyncio      DEBUG    Using selector: EpollSelector
2022-06-06 15:45:57,898 asyncio      DEBUG    Using selector: EpollSelector
2022-06-06 15:45:58,898 asyncio      DEBUG    Using selector: EpollSelector
2022-06-06 15:45:59,897 asyncio      DEBUG    Using selector: EpollSelector
2022-06-06 15:46:00,896 asyncio      DEBUG    Using selector: EpollSelector
2022-06-06 15:46:01,895 asyncio      DEBUG    Using selector: EpollSelector
2022-06-06 15:46:02,897 asyncio      DEBUG    Using selector: EpollSelector
2022-06-06 15:46:03,898 asyncio      DEBUG    Using selector: EpollSelector
2022-06-06 15:46:04,895 asyncio      DEBUG    Using selector: EpollSelector
2022-06-06 15:46:05,895 asyncio      DEBUG    Using selector: EpollSelector
2022-06-06 15:46:06,896 asyncio      DEBUG    Using selector: EpollSelector
2022-06-06 15:46:07,895 asyncio      DEBUG    Using selector: EpollSelector
2022-06-06 15:46:08,897 asyncio      DEBUG    Using selector: EpollSelector
2022-06-06 15:46:09,897 asyncio      DEBUG    Using selector: EpollSelector
2022-06-06 15:46:10,898 asyncio      DEBUG    Using selector: EpollSelector
2022-06-06 15:46:11,897 asyncio      DEBUG    Using selector: EpollSelector
2022-06-06 15:46:12,896 asyncio      DEBUG    Using selector: EpollSelector
2022-06-06 15:46:13,897 asyncio      DEBUG    Using selector: EpollSelector
2022-06-06 15:46:14,898 asyncio      DEBUG    Using selector: EpollSelector
2022-06-06 15:46:15,897 asyncio      DEBUG    Using selector: EpollSelector
2022-06-06 15:46:16,905 asyncio      DEBUG    Using selector: EpollSelector
2022-06-06 15:46:17,895 asyncio      DEBUG    Using selector: EpollSelector
2022-06-06 15:46:18,895 asyncio      DEBUG    Using selector: EpollSelector
2022-06-06 15:46:19,898 asyncio      DEBUG    Using selector: EpollSelector
2022-06-06 15:46:20,897 asyncio      DEBUG    Using selector: EpollSelector
2022-06-06 15:46:21,898 asyncio      DEBUG    Using selector: EpollSelector
2022-06-06 15:46:22,898 asyncio      DEBUG    Using selector: EpollSelector
2022-06-06 15:46:23,899 asyncio      DEBUG    Using selector: EpollSelector
2022-06-06 15:46:24,899 asyncio      DEBUG    Using selector: EpollSelector
2022-06-06 15:46:25,897 asyncio      DEBUG    Using selector: EpollSelector
2022-06-06 15:46:26,899 asyncio      DEBUG    Using selector: EpollSelector
2022-06-06 15:46:27,897 asyncio      DEBUG    Using selector: EpollSelector
2022-06-06 15:46:28,900 asyncio      DEBUG    Using selector: EpollSelector
2022-06-06 15:46:29,899 asyncio      DEBUG    Using selector: EpollSelector
2022-06-06 15:46:30,898 asyncio      DEBUG    Using selector: EpollSelector
2022-06-06 15:46:31,897 asyncio      DEBUG    Using selector: EpollSelector
2022-06-06 15:46:32,898 asyncio      DEBUG    Using selector: EpollSelector
2022-06-06 15:46:33,898 asyncio      DEBUG    Using selector: EpollSelector
2022-06-06 15:46:34,898 asyncio      DEBUG    Using selector: EpollSelector
2022-06-06 15:46:35,898 asyncio      DEBUG    Using selector: EpollSelector
2022-06-06 15:46:36,898 asyncio      DEBUG    Using selector: EpollSelector
2022-06-06 15:46:37,897 asyncio      DEBUG    Using selector: EpollSelector
2022-06-06 15:46:38,897 asyncio      DEBUG    Using selector: EpollSelector
2022-06-06 15:46:39,897 asyncio      DEBUG    Using selector: EpollSelector
2022-06-06 15:46:40,896 asyncio      DEBUG    Using selector: EpollSelector
2022-06-06 15:46:41,895 asyncio      DEBUG    Using selector: EpollSelector
2022-06-06 15:46:42,896 asyncio      DEBUG    Using selector: EpollSelector
2022-06-06 15:46:43,896 asyncio      DEBUG    Using selector: EpollSelector
2022-06-06 15:46:44,899 asyncio      DEBUG    Using selector: EpollSelector
2022-06-06 15:46:45,899 asyncio      DEBUG    Using selector: EpollSelector
2022-06-06 15:46:46,898 asyncio      DEBUG    Using selector: EpollSelector
2022-06-06 15:46:47,899 asyncio      DEBUG    Using selector: EpollSelector
2022-06-06 15:46:48,897 asyncio      DEBUG    Using selector: EpollSelector
2022-06-06 15:46:49,899 asyncio      DEBUG    Using selector: EpollSelector
2022-06-06 15:46:50,897 asyncio      DEBUG    Using selector: EpollSelector
2022-06-06 15:46:51,897 asyncio      DEBUG    Using selector: EpollSelector
2022-06-06 15:46:52,901 asyncio      DEBUG    Using selector: EpollSelector
2022-06-06 15:46:53,895 asyncio      DEBUG    Using selector: EpollSelector
2022-06-06 15:46:54,899 asyncio      DEBUG    Using selector: EpollSelector
2022-06-06 15:46:55,897 asyncio      DEBUG    Using selector: EpollSelector
2022-06-06 15:46:56,898 asyncio      DEBUG    Using selector: EpollSelector
2022-06-06 15:46:57,898 asyncio      DEBUG    Using selector: EpollSelector
2022-06-06 15:46:58,897 asyncio      DEBUG    Using selector: EpollSelector
2022-06-06 15:46:59,898 asyncio      DEBUG    Using selector: EpollSelector
2022-06-06 15:47:00,898 asyncio      DEBUG    Using selector: EpollSelector
2022-06-06 15:47:01,898 asyncio      DEBUG    Using selector: EpollSelector
2022-06-06 15:47:02,899 asyncio      DEBUG    Using selector: EpollSelector
2022-06-06 15:47:03,898 asyncio      DEBUG    Using selector: EpollSelector
2022-06-06 15:47:04,897 asyncio      DEBUG    Using selector: EpollSelector
2022-06-06 15:47:05,901 asyncio      DEBUG    Using selector: EpollSelector
2022-06-06 15:47:06,895 asyncio      DEBUG    Using selector: EpollSelector
2022-06-06 15:47:07,897 asyncio      DEBUG    Using selector: EpollSelector
2022-06-06 15:47:08,895 asyncio      DEBUG    Using selector: EpollSelector
2022-06-06 15:47:09,897 asyncio      DEBUG    Using selector: EpollSelector
2022-06-06 15:47:10,897 asyncio      DEBUG    Using selector: EpollSelector
2022-06-06 15:47:11,898 asyncio      DEBUG    Using selector: EpollSelector
2022-06-06 15:47:12,899 asyncio      DEBUG    Using selector: EpollSelector
2022-06-06 15:47:13,898 asyncio      DEBUG    Using selector: EpollSelector
2022-06-06 15:47:14,899 asyncio      DEBUG    Using selector: EpollSelector
2022-06-06 15:47:15,898 asyncio      DEBUG    Using selector: EpollSelector
2022-06-06 15:47:16,897 asyncio      DEBUG    Using selector: EpollSelector
2022-06-06 15:47:17,897 asyncio      DEBUG    Using selector: EpollSelector
2022-06-06 15:47:18,898 asyncio      DEBUG    Using selector: EpollSelector
2022-06-06 15:47:19,899 asyncio      DEBUG    Using selector: EpollSelector
2022-06-06 15:47:20,897 asyncio      DEBUG    Using selector: EpollSelector
2022-06-06 15:47:21,898 asyncio      DEBUG    Using selector: EpollSelector
2022-06-06 15:47:22,898 asyncio      DEBUG    Using selector: EpollSelector
2022-06-06 15:47:23,897 asyncio      DEBUG    Using selector: EpollSelector
2022-06-06 15:47:24,897 asyncio      DEBUG    Using selector: EpollSelector
2022-06-06 15:47:25,898 asyncio      DEBUG    Using selector: EpollSelector
2022-06-06 15:47:26,898 asyncio      DEBUG    Using selector: EpollSelector
2022-06-06 15:47:27,897 asyncio      DEBUG    Using selector: EpollSelector
2022-06-06 15:47:28,897 asyncio      DEBUG    Using selector: EpollSelector
2022-06-06 15:47:29,902 asyncio      DEBUG    Using selector: EpollSelector
2022-06-06 15:47:30,900 asyncio      DEBUG    Using selector: EpollSelector
2022-06-06 15:47:31,899 asyncio      DEBUG    Using selector: EpollSelector
2022-06-06 15:47:32,897 asyncio      DEBUG    Using selector: EpollSelector
2022-06-06 15:47:33,902 asyncio      DEBUG    Using selector: EpollSelector
2022-06-06 15:47:34,899 asyncio      DEBUG    Using selector: EpollSelector
2022-06-06 15:47:35,897 asyncio      DEBUG    Using selector: EpollSelector
2022-06-06 15:47:36,897 asyncio      DEBUG    Using selector: EpollSelector
2022-06-06 15:47:37,898 asyncio      DEBUG    Using selector: EpollSelector
2022-06-06 15:47:38,899 asyncio      DEBUG    Using selector: EpollSelector
2022-06-06 15:47:39,900 asyncio      DEBUG    Using selector: EpollSelector
2022-06-06 15:47:40,898 asyncio      DEBUG    Using selector: EpollSelector
